2025-07-29 03:12:00 INFO Requesting http://lapi.transitchicago.com/api/1.0/ttarrivals.aspx with {'key': 'aa6a8fecdc244da7804a01070e1e476a', 'stpid': '40710', 'outputType': 'JSON'}
2025-07-29 03:12:00 INFO Got 0 ETA entries
2025-07-29 03:12:00 INFO Wrote /workspaces/the_holy_fruit/cta_tracker/www/index.html with 0 rows
2025-07-29 03:12:02 INFO Requesting http://lapi.transitchicago.com/api/1.0/ttarrivals.aspx with {'key': 'aa6a8fecdc244da7804a01070e1e476a', 'stpid': '40710', 'outputType': 'JSON'}
2025-07-29 03:12:02 INFO Got 0 ETA entries
2025-07-29 03:12:02 INFO Wrote /workspaces/the_holy_fruit/cta_tracker/www/index.html with 0 rows
2025-07-29 03:13:02 INFO Requesting http://lapi.transitchicago.com/api/1.0/ttarrivals.aspx with {'key': 'aa6a8fecdc244da7804a01070e1e476a', 'stpid': '40710', 'outputType': 'JSON'}
2025-07-29 03:13:02 INFO Got 0 ETA entries
2025-07-29 03:13:02 INFO Wrote /workspaces/the_holy_fruit/cta_tracker/www/index.html with 0 rows
2025-07-29 03:14:03 INFO Requesting http://lapi.transitchicago.com/api/1.0/ttarrivals.aspx with {'key': 'aa6a8fecdc244da7804a01070e1e476a', 'stpid': '40710', 'outputType': 'JSON'}
2025-07-29 03:14:03 INFO Got 0 ETA entries
2025-07-29 03:14:03 INFO Wrote /workspaces/the_holy_fruit/cta_tracker/www/index.html with 0 rows
2025-07-29 03:14:46 INFO Requesting http://lapi.transitchicago.com/api/1.0/ttarrivals.aspx with {'key': 'aa6a8fecdc244da7804a01070e1e476a', 'mapid': '40710', 'outputType': 'JSON'}
2025-07-29 03:14:46 INFO Fetched 7 arrival entries
2025-07-29 03:14:46 INFO Wrote 7 rows to /workspaces/the_holy_fruit/cta_tracker/www/index.html
2025-07-29 03:15:03 INFO Requesting http://lapi.transitchicago.com/api/1.0/ttarrivals.aspx with {'key': 'aa6a8fecdc244da7804a01070e1e476a', 'mapid': '40710', 'outputType': 'JSON'}
2025-07-29 03:15:03 INFO Fetched 7 arrival entries
2025-07-29 03:15:03 INFO Wrote 7 rows to /workspaces/the_holy_fruit/cta_tracker/www/index.html
2025-07-29 03:15:30 INFO Requesting http://lapi.transitchicago.com/api/1.0/ttarrivals.aspx with {'key': 'aa6a8fecdc244da7804a01070e1e476a', 'mapid': '40710', 'outputType': 'JSON'}
2025-07-29 03:15:30 INFO Fetched 7 arrival entries
2025-07-29 03:15:30 INFO Wrote 7 rows to /workspaces/the_holy_fruit/cta_tracker/www/index.html
2025-07-29 03:15:40 INFO Requesting http://lapi.transitchicago.com/api/1.0/ttarrivals.aspx with {'key': 'aa6a8fecdc244da7804a01070e1e476a', 'mapid': '40710', 'outputType': 'JSON'}
2025-07-29 03:15:40 INFO Fetched 7 arrival entries
2025-07-29 03:15:40 INFO Wrote 7 rows to /workspaces/the_holy_fruit/cta_tracker/www/index.html
2025-07-29 03:15:50 INFO Requesting http://lapi.transitchicago.com/api/1.0/ttarrivals.aspx with {'key': 'aa6a8fecdc244da7804a01070e1e476a', 'mapid': '40710', 'outputType': 'JSON'}
2025-07-29 03:15:51 INFO Fetched 7 arrival entries
2025-07-29 03:15:51 INFO Wrote 7 rows to /workspaces/the_holy_fruit/cta_tracker/www/index.html
2025-07-29 03:16:01 INFO Requesting http://lapi.transitchicago.com/api/1.0/ttarrivals.aspx with {'key': 'aa6a8fecdc244da7804a01070e1e476a', 'mapid': '40710', 'outputType': 'JSON'}
2025-07-29 03:16:01 INFO Fetched 7 arrival entries
2025-07-29 03:16:01 INFO Wrote 7 rows to /workspaces/the_holy_fruit/cta_tracker/www/index.html
2025-07-29 03:16:03 INFO Requesting http://lapi.transitchicago.com/api/1.0/ttarrivals.aspx with {'key': 'aa6a8fecdc244da7804a01070e1e476a', 'mapid': '40710', 'outputType': 'JSON'}
2025-07-29 03:16:03 INFO Fetched 7 arrival entries
2025-07-29 03:16:03 INFO Wrote 7 rows to /workspaces/the_holy_fruit/cta_tracker/www/index.html
2025-07-29 03:16:11 INFO Requesting http://lapi.transitchicago.com/api/1.0/ttarrivals.aspx with {'key': 'aa6a8fecdc244da7804a01070e1e476a', 'mapid': '40710', 'outputType': 'JSON'}
2025-07-29 03:16:11 INFO Fetched 7 arrival entries
2025-07-29 03:16:11 INFO Wrote 7 rows to /workspaces/the_holy_fruit/cta_tracker/www/index.html
2025-07-29 03:16:21 INFO Requesting http://lapi.transitchicago.com/api/1.0/ttarrivals.aspx with {'key': 'aa6a8fecdc244da7804a01070e1e476a', 'mapid': '40710', 'outputType': 'JSON'}
2025-07-29 03:16:21 INFO Fetched 7 arrival entries
2025-07-29 03:16:21 INFO Wrote 7 rows to /workspaces/the_holy_fruit/cta_tracker/www/index.html
2025-07-29 03:16:31 INFO Requesting http://lapi.transitchicago.com/api/1.0/ttarrivals.aspx with {'key': 'aa6a8fecdc244da7804a01070e1e476a', 'mapid': '40710', 'outputType': 'JSON'}
2025-07-29 03:16:31 INFO Fetched 7 arrival entries
2025-07-29 03:16:31 INFO Wrote 7 rows to /workspaces/the_holy_fruit/cta_tracker/www/index.html
2025-07-29 03:16:42 INFO Requesting http://lapi.transitchicago.com/api/1.0/ttarrivals.aspx with {'key': 'aa6a8fecdc244da7804a01070e1e476a', 'mapid': '40710', 'outputType': 'JSON'}
2025-07-29 03:16:42 INFO Fetched 7 arrival entries
2025-07-29 03:16:42 INFO Wrote 7 rows to /workspaces/the_holy_fruit/cta_tracker/www/index.html
2025-07-29 03:16:52 INFO Requesting http://lapi.transitchicago.com/api/1.0/ttarrivals.aspx with {'key': 'aa6a8fecdc244da7804a01070e1e476a', 'mapid': '40710', 'outputType': 'JSON'}
2025-07-29 03:16:52 INFO Fetched 7 arrival entries
2025-07-29 03:16:52 INFO Wrote 7 rows to /workspaces/the_holy_fruit/cta_tracker/www/index.html
2025-07-29 03:17:02 INFO Requesting http://lapi.transitchicago.com/api/1.0/ttarrivals.aspx with {'key': 'aa6a8fecdc244da7804a01070e1e476a', 'mapid': '40710', 'outputType': 'JSON'}
2025-07-29 03:17:02 INFO Fetched 7 arrival entries
2025-07-29 03:17:02 INFO Wrote 7 rows to /workspaces/the_holy_fruit/cta_tracker/www/index.html
2025-07-29 03:17:03 INFO Requesting http://lapi.transitchicago.com/api/1.0/ttarrivals.aspx with {'key': 'aa6a8fecdc244da7804a01070e1e476a', 'mapid': '40710', 'outputType': 'JSON'}
2025-07-29 03:17:03 INFO Fetched 7 arrival entries
2025-07-29 03:17:03 INFO Wrote 7 rows to /workspaces/the_holy_fruit/cta_tracker/www/index.html
2025-07-29 03:17:12 INFO Requesting http://lapi.transitchicago.com/api/1.0/ttarrivals.aspx with {'key': 'aa6a8fecdc244da7804a01070e1e476a', 'mapid': '40710', 'outputType': 'JSON'}
2025-07-29 03:17:12 INFO Fetched 7 arrival entries
2025-07-29 03:17:12 INFO Wrote 7 rows to /workspaces/the_holy_fruit/cta_tracker/www/index.html
2025-07-29 03:17:23 INFO Requesting http://lapi.transitchicago.com/api/1.0/ttarrivals.aspx with {'key': 'aa6a8fecdc244da7804a01070e1e476a', 'mapid': '40710', 'outputType': 'JSON'}
2025-07-29 03:17:23 INFO Fetched 7 arrival entries
2025-07-29 03:17:23 INFO Wrote 7 rows to /workspaces/the_holy_fruit/cta_tracker/www/index.html
2025-07-29 03:17:33 INFO Requesting http://lapi.transitchicago.com/api/1.0/ttarrivals.aspx with {'key': 'aa6a8fecdc244da7804a01070e1e476a', 'mapid': '40710', 'outputType': 'JSON'}
2025-07-29 03:17:33 INFO Fetched 7 arrival entries
2025-07-29 03:17:33 INFO Wrote 7 rows to /workspaces/the_holy_fruit/cta_tracker/www/index.html
2025-07-29 03:17:43 INFO Requesting http://lapi.transitchicago.com/api/1.0/ttarrivals.aspx with {'key': 'aa6a8fecdc244da7804a01070e1e476a', 'mapid': '40710', 'outputType': 'JSON'}
2025-07-29 03:17:43 INFO Fetched 7 arrival entries
2025-07-29 03:17:43 INFO Wrote 7 rows to /workspaces/the_holy_fruit/cta_tracker/www/index.html
2025-07-29 03:17:53 INFO Requesting http://lapi.transitchicago.com/api/1.0/ttarrivals.aspx with {'key': 'aa6a8fecdc244da7804a01070e1e476a', 'mapid': '40710', 'outputType': 'JSON'}
2025-07-29 03:17:53 INFO Fetched 7 arrival entries
2025-07-29 03:17:53 INFO Wrote 7 rows to /workspaces/the_holy_fruit/cta_tracker/www/index.html
2025-07-29 03:18:03 INFO Requesting http://lapi.transitchicago.com/api/1.0/ttarrivals.aspx with {'key': 'aa6a8fecdc244da7804a01070e1e476a', 'mapid': '40710', 'outputType': 'JSON'}
2025-07-29 03:18:04 INFO Fetched 7 arrival entries
2025-07-29 03:18:04 INFO Wrote 7 rows to /workspaces/the_holy_fruit/cta_tracker/www/index.html
2025-07-29 03:18:04 INFO Requesting http://lapi.transitchicago.com/api/1.0/ttarrivals.aspx with {'key': 'aa6a8fecdc244da7804a01070e1e476a', 'mapid': '40710', 'outputType': 'JSON'}
2025-07-29 03:18:04 INFO Fetched 7 arrival entries
2025-07-29 03:18:04 INFO Wrote 7 rows to /workspaces/the_holy_fruit/cta_tracker/www/index.html
2025-07-29 03:18:14 INFO Requesting http://lapi.transitchicago.com/api/1.0/ttarrivals.aspx with {'key': 'aa6a8fecdc244da7804a01070e1e476a', 'mapid': '40710', 'outputType': 'JSON'}
2025-07-29 03:18:14 INFO Fetched 7 arrival entries
2025-07-29 03:18:14 INFO Wrote 7 rows to /workspaces/the_holy_fruit/cta_tracker/www/index.html
2025-07-29 03:18:24 INFO Requesting http://lapi.transitchicago.com/api/1.0/ttarrivals.aspx with {'key': 'aa6a8fecdc244da7804a01070e1e476a', 'mapid': '40710', 'outputType': 'JSON'}
2025-07-29 03:18:24 INFO Fetched 7 arrival entries
2025-07-29 03:18:24 INFO Wrote 7 rows to /workspaces/the_holy_fruit/cta_tracker/www/index.html
2025-07-29 03:18:34 INFO Requesting http://lapi.transitchicago.com/api/1.0/ttarrivals.aspx with {'key': 'aa6a8fecdc244da7804a01070e1e476a', 'mapid': '40710', 'outputType': 'JSON'}
2025-07-29 03:18:34 INFO Fetched 7 arrival entries
2025-07-29 03:18:34 INFO Wrote 7 rows to /workspaces/the_holy_fruit/cta_tracker/www/index.html
2025-07-29 03:18:44 INFO Requesting http://lapi.transitchicago.com/api/1.0/ttarrivals.aspx with {'key': 'aa6a8fecdc244da7804a01070e1e476a', 'mapid': '40710', 'outputType': 'JSON'}
2025-07-29 03:18:44 INFO Fetched 7 arrival entries
2025-07-29 03:18:44 INFO Wrote 7 rows to /workspaces/the_holy_fruit/cta_tracker/www/index.html
2025-07-29 03:18:55 INFO Requesting http://lapi.transitchicago.com/api/1.0/ttarrivals.aspx with {'key': 'aa6a8fecdc244da7804a01070e1e476a', 'mapid': '40710', 'outputType': 'JSON'}
2025-07-29 03:18:55 INFO Fetched 7 arrival entries
2025-07-29 03:18:55 INFO Wrote 7 rows to /workspaces/the_holy_fruit/cta_tracker/www/index.html
2025-07-29 03:19:04 INFO Requesting http://lapi.transitchicago.com/api/1.0/ttarrivals.aspx with {'key': 'aa6a8fecdc244da7804a01070e1e476a', 'mapid': '40710', 'outputType': 'JSON'}
2025-07-29 03:19:04 INFO Fetched 7 arrival entries
2025-07-29 03:19:04 INFO Wrote 7 rows to /workspaces/the_holy_fruit/cta_tracker/www/index.html
2025-07-29 03:19:05 INFO Requesting http://lapi.transitchicago.com/api/1.0/ttarrivals.aspx with {'key': 'aa6a8fecdc244da7804a01070e1e476a', 'mapid': '40710', 'outputType': 'JSON'}
2025-07-29 03:19:05 INFO Fetched 6 arrival entries
2025-07-29 03:19:05 INFO Wrote 6 rows to /workspaces/the_holy_fruit/cta_tracker/www/index.html
2025-07-29 03:19:15 INFO Requesting http://lapi.transitchicago.com/api/1.0/ttarrivals.aspx with {'key': 'aa6a8fecdc244da7804a01070e1e476a', 'mapid': '40710', 'outputType': 'JSON'}
2025-07-29 03:19:15 INFO Fetched 6 arrival entries
2025-07-29 03:19:15 INFO Wrote 6 rows to /workspaces/the_holy_fruit/cta_tracker/www/index.html
2025-07-29 03:19:25 INFO Requesting http://lapi.transitchicago.com/api/1.0/ttarrivals.aspx with {'key': 'aa6a8fecdc244da7804a01070e1e476a', 'mapid': '40710', 'outputType': 'JSON'}
2025-07-29 03:19:25 INFO Fetched 6 arrival entries
2025-07-29 03:19:25 INFO Wrote 6 rows to /workspaces/the_holy_fruit/cta_tracker/www/index.html
2025-07-29 03:19:36 INFO Requesting http://lapi.transitchicago.com/api/1.0/ttarrivals.aspx with {'key': 'aa6a8fecdc244da7804a01070e1e476a', 'mapid': '40710', 'outputType': 'JSON'}
2025-07-29 03:19:36 INFO Fetched 6 arrival entries
2025-07-29 03:19:36 INFO Wrote 6 rows to /workspaces/the_holy_fruit/cta_tracker/www/index.html
2025-07-29 03:19:46 INFO Requesting http://lapi.transitchicago.com/api/1.0/ttarrivals.aspx with {'key': 'aa6a8fecdc244da7804a01070e1e476a', 'mapid': '40710', 'outputType': 'JSON'}
2025-07-29 03:19:46 INFO Fetched 8 arrival entries
2025-07-29 03:19:46 INFO Wrote 8 rows to /workspaces/the_holy_fruit/cta_tracker/www/index.html
2025-07-29 03:19:56 INFO Requesting http://lapi.transitchicago.com/api/1.0/ttarrivals.aspx with {'key': 'aa6a8fecdc244da7804a01070e1e476a', 'mapid': '40710', 'outputType': 'JSON'}
2025-07-29 03:19:56 INFO Fetched 8 arrival entries
2025-07-29 03:19:56 INFO Wrote 8 rows to /workspaces/the_holy_fruit/cta_tracker/www/index.html
2025-07-29 03:20:04 INFO Requesting http://lapi.transitchicago.com/api/1.0/ttarrivals.aspx with {'key': 'aa6a8fecdc244da7804a01070e1e476a', 'mapid': '40710', 'outputType': 'JSON'}
2025-07-29 03:20:04 INFO Fetched 8 arrival entries
2025-07-29 03:20:04 INFO Wrote 8 rows to /workspaces/the_holy_fruit/cta_tracker/www/index.html
2025-07-29 03:20:06 INFO Requesting http://lapi.transitchicago.com/api/1.0/ttarrivals.aspx with {'key': 'aa6a8fecdc244da7804a01070e1e476a', 'mapid': '40710', 'outputType': 'JSON'}
2025-07-29 03:20:06 INFO Fetched 8 arrival entries
2025-07-29 03:20:06 INFO Wrote 8 rows to /workspaces/the_holy_fruit/cta_tracker/www/index.html
2025-07-29 03:20:16 INFO Requesting http://lapi.transitchicago.com/api/1.0/ttarrivals.aspx with {'key': 'aa6a8fecdc244da7804a01070e1e476a', 'mapid': '40710', 'outputType': 'JSON'}
2025-07-29 03:20:17 INFO Fetched 8 arrival entries
2025-07-29 03:20:17 INFO Wrote 8 rows to /workspaces/the_holy_fruit/cta_tracker/www/index.html
2025-07-29 03:20:27 INFO Requesting http://lapi.transitchicago.com/api/1.0/ttarrivals.aspx with {'key': 'aa6a8fecdc244da7804a01070e1e476a', 'mapid': '40710', 'outputType': 'JSON'}
2025-07-29 03:20:27 INFO Fetched 8 arrival entries
2025-07-29 03:20:27 INFO Wrote 8 rows to /workspaces/the_holy_fruit/cta_tracker/www/index.html
2025-07-29 03:20:47 INFO Requesting http://lapi.transitchicago.com/api/1.0/ttarrivals.aspx with {'key': 'aa6a8fecdc244da7804a01070e1e476a', 'mapid': '40710', 'outputType': 'JSON'}
2025-07-29 03:20:47 INFO Fetched 8 arrival entries
2025-07-29 03:20:47 INFO Wrote 8 rows to /workspaces/the_holy_fruit/cta_tracker/www/index.html
2025-07-29 03:21:04 INFO Requesting http://lapi.transitchicago.com/api/1.0/ttarrivals.aspx with {'key': 'aa6a8fecdc244da7804a01070e1e476a', 'mapid': '40710', 'outputType': 'JSON'}
2025-07-29 03:21:04 INFO Fetched 8 arrival entries
2025-07-29 03:21:04 INFO Wrote 8 rows to /workspaces/the_holy_fruit/cta_tracker/www/index.html
2025-07-29 03:22:05 INFO Requesting http://lapi.transitchicago.com/api/1.0/ttarrivals.aspx with {'key': 'aa6a8fecdc244da7804a01070e1e476a', 'mapid': '40710', 'outputType': 'JSON'}
2025-07-29 03:22:05 INFO Fetched 8 arrival entries
2025-07-29 03:22:05 INFO Wrote 8 rows to /workspaces/the_holy_fruit/cta_tracker/www/index.html
2025-07-29 03:22:39 INFO Requesting http://lapi.transitchicago.com/api/1.0/ttarrivals.aspx with {'key': 'aa6a8fecdc244da7804a01070e1e476a', 'mapid': '40710', 'outputType': 'JSON'}
2025-07-29 03:22:39 INFO Fetched 8 arrival entries
2025-07-29 03:22:39 INFO Wrote 8 rows to /workspaces/the_holy_fruit/cta_tracker/www/index.html
2025-07-29 03:22:44 INFO Requesting http://lapi.transitchicago.com/api/1.0/ttarrivals.aspx with {'key': 'aa6a8fecdc244da7804a01070e1e476a', 'mapid': '40710', 'outputType': 'JSON'}
2025-07-29 03:22:45 INFO Fetched 8 arrival entries
2025-07-29 03:22:45 INFO Wrote 8 rows to /workspaces/the_holy_fruit/cta_tracker/www/index.html
2025-07-29 03:22:50 INFO Requesting http://lapi.transitchicago.com/api/1.0/ttarrivals.aspx with {'key': 'aa6a8fecdc244da7804a01070e1e476a', 'mapid': '40710', 'outputType': 'JSON'}
2025-07-29 03:22:50 INFO Fetched 8 arrival entries
2025-07-29 03:22:50 INFO Wrote 8 rows to /workspaces/the_holy_fruit/cta_tracker/www/index.html
2025-07-29 03:22:55 INFO Requesting http://lapi.transitchicago.com/api/1.0/ttarrivals.aspx with {'key': 'aa6a8fecdc244da7804a01070e1e476a', 'mapid': '40710', 'outputType': 'JSON'}
2025-07-29 03:22:55 INFO Fetched 8 arrival entries
2025-07-29 03:22:55 INFO Wrote 8 rows to /workspaces/the_holy_fruit/cta_tracker/www/index.html
2025-07-29 03:23:00 INFO Requesting http://lapi.transitchicago.com/api/1.0/ttarrivals.aspx with {'key': 'aa6a8fecdc244da7804a01070e1e476a', 'mapid': '40710', 'outputType': 'JSON'}
2025-07-29 03:23:00 INFO Fetched 8 arrival entries
2025-07-29 03:23:00 INFO Wrote 8 rows to /workspaces/the_holy_fruit/cta_tracker/www/index.html
2025-07-29 03:23:05 INFO Requesting http://lapi.transitchicago.com/api/1.0/ttarrivals.aspx with {'key': 'aa6a8fecdc244da7804a01070e1e476a', 'mapid': '40710', 'outputType': 'JSON'}
2025-07-29 03:23:05 INFO Fetched 8 arrival entries
2025-07-29 03:23:05 INFO Wrote 8 rows to /workspaces/the_holy_fruit/cta_tracker/www/index.html
2025-07-29 03:23:06 INFO Requesting http://lapi.transitchicago.com/api/1.0/ttarrivals.aspx with {'key': 'aa6a8fecdc244da7804a01070e1e476a', 'mapid': '40710', 'outputType': 'JSON'}
2025-07-29 03:23:06 INFO Fetched 8 arrival entries
2025-07-29 03:23:06 INFO Wrote 8 rows to /workspaces/the_holy_fruit/cta_tracker/www/index.html
2025-07-29 03:23:11 INFO Requesting http://lapi.transitchicago.com/api/1.0/ttarrivals.aspx with {'key': 'aa6a8fecdc244da7804a01070e1e476a', 'mapid': '40710', 'outputType': 'JSON'}
2025-07-29 03:23:11 INFO Fetched 8 arrival entries
2025-07-29 03:23:11 INFO Wrote 8 rows to /workspaces/the_holy_fruit/cta_tracker/www/index.html
2025-07-29 03:23:16 INFO Requesting http://lapi.transitchicago.com/api/1.0/ttarrivals.aspx with {'key': 'aa6a8fecdc244da7804a01070e1e476a', 'mapid': '40710', 'outputType': 'JSON'}
2025-07-29 03:23:16 INFO Fetched 8 arrival entries
2025-07-29 03:23:16 INFO Wrote 8 rows to /workspaces/the_holy_fruit/cta_tracker/www/index.html
2025-07-29 03:23:21 INFO Requesting http://lapi.transitchicago.com/api/1.0/ttarrivals.aspx with {'key': 'aa6a8fecdc244da7804a01070e1e476a', 'mapid': '40710', 'outputType': 'JSON'}
2025-07-29 03:23:21 INFO Fetched 8 arrival entries
2025-07-29 03:23:21 INFO Wrote 8 rows to /workspaces/the_holy_fruit/cta_tracker/www/index.html
2025-07-29 03:23:26 INFO Requesting http://lapi.transitchicago.com/api/1.0/ttarrivals.aspx with {'key': 'aa6a8fecdc244da7804a01070e1e476a', 'mapid': '40710', 'outputType': 'JSON'}
2025-07-29 03:23:27 INFO Fetched 8 arrival entries
2025-07-29 03:23:27 INFO Wrote 8 rows to /workspaces/the_holy_fruit/cta_tracker/www/index.html
2025-07-29 03:23:32 INFO Requesting http://lapi.transitchicago.com/api/1.0/ttarrivals.aspx with {'key': 'aa6a8fecdc244da7804a01070e1e476a', 'mapid': '40710', 'outputType': 'JSON'}
2025-07-29 03:23:32 INFO Fetched 8 arrival entries
2025-07-29 03:23:32 INFO Wrote 8 rows to /workspaces/the_holy_fruit/cta_tracker/www/index.html
2025-07-29 03:23:37 INFO Requesting http://lapi.transitchicago.com/api/1.0/ttarrivals.aspx with {'key': 'aa6a8fecdc244da7804a01070e1e476a', 'mapid': '40710', 'outputType': 'JSON'}
2025-07-29 03:23:37 INFO Fetched 8 arrival entries
2025-07-29 03:23:37 INFO Wrote 8 rows to /workspaces/the_holy_fruit/cta_tracker/www/index.html
2025-07-29 03:23:42 INFO Requesting http://lapi.transitchicago.com/api/1.0/ttarrivals.aspx with {'key': 'aa6a8fecdc244da7804a01070e1e476a', 'mapid': '40710', 'outputType': 'JSON'}
2025-07-29 03:23:42 INFO Fetched 8 arrival entries
2025-07-29 03:23:42 INFO Wrote 8 rows to /workspaces/the_holy_fruit/cta_tracker/www/index.html
2025-07-29 03:23:47 INFO Requesting http://lapi.transitchicago.com/api/1.0/ttarrivals.aspx with {'key': 'aa6a8fecdc244da7804a01070e1e476a', 'mapid': '40710', 'outputType': 'JSON'}
2025-07-29 03:23:48 INFO Fetched 8 arrival entries
2025-07-29 03:23:48 INFO Wrote 8 rows to /workspaces/the_holy_fruit/cta_tracker/www/index.html
2025-07-29 03:23:53 INFO Requesting http://lapi.transitchicago.com/api/1.0/ttarrivals.aspx with {'key': 'aa6a8fecdc244da7804a01070e1e476a', 'mapid': '40710', 'outputType': 'JSON'}
2025-07-29 03:23:53 INFO Fetched 8 arrival entries
2025-07-29 03:23:53 INFO Wrote 8 rows to /workspaces/the_holy_fruit/cta_tracker/www/index.html
2025-07-29 03:23:58 INFO Requesting http://lapi.transitchicago.com/api/1.0/ttarrivals.aspx with {'key': 'aa6a8fecdc244da7804a01070e1e476a', 'mapid': '40710', 'outputType': 'JSON'}
2025-07-29 03:23:58 INFO Fetched 8 arrival entries
2025-07-29 03:23:58 INFO Wrote 8 rows to /workspaces/the_holy_fruit/cta_tracker/www/index.html
2025-07-29 03:24:03 INFO Requesting http://lapi.transitchicago.com/api/1.0/ttarrivals.aspx with {'key': 'aa6a8fecdc244da7804a01070e1e476a', 'mapid': '40710', 'outputType': 'JSON'}
2025-07-29 03:24:03 INFO Fetched 8 arrival entries
2025-07-29 03:24:03 INFO Wrote 8 rows to /workspaces/the_holy_fruit/cta_tracker/www/index.html
2025-07-29 03:24:05 INFO Requesting http://lapi.transitchicago.com/api/1.0/ttarrivals.aspx with {'key': 'aa6a8fecdc244da7804a01070e1e476a', 'mapid': '40710', 'outputType': 'JSON'}
2025-07-29 03:24:05 INFO Fetched 8 arrival entries
2025-07-29 03:24:05 INFO Wrote 8 rows to /workspaces/the_holy_fruit/cta_tracker/www/index.html
2025-07-29 03:24:08 INFO Requesting http://lapi.transitchicago.com/api/1.0/ttarrivals.aspx with {'key': 'aa6a8fecdc244da7804a01070e1e476a', 'mapid': '40710', 'outputType': 'JSON'}
2025-07-29 03:24:09 INFO Fetched 8 arrival entries
2025-07-29 03:24:09 INFO Wrote 8 rows to /workspaces/the_holy_fruit/cta_tracker/www/index.html
2025-07-29 03:24:14 INFO Requesting http://lapi.transitchicago.com/api/1.0/ttarrivals.aspx with {'key': 'aa6a8fecdc244da7804a01070e1e476a', 'mapid': '40710', 'outputType': 'JSON'}
2025-07-29 03:24:14 INFO Fetched 8 arrival entries
2025-07-29 03:24:14 INFO Wrote 8 rows to /workspaces/the_holy_fruit/cta_tracker/www/index.html
2025-07-29 03:24:19 INFO Requesting http://lapi.transitchicago.com/api/1.0/ttarrivals.aspx with {'key': 'aa6a8fecdc244da7804a01070e1e476a', 'mapid': '40710', 'outputType': 'JSON'}
2025-07-29 03:24:19 INFO Fetched 8 arrival entries
2025-07-29 03:24:19 INFO Wrote 8 rows to /workspaces/the_holy_fruit/cta_tracker/www/index.html
2025-07-29 03:24:24 INFO Requesting http://lapi.transitchicago.com/api/1.0/ttarrivals.aspx with {'key': 'aa6a8fecdc244da7804a01070e1e476a', 'mapid': '40710', 'outputType': 'JSON'}
2025-07-29 03:24:24 INFO Fetched 8 arrival entries
2025-07-29 03:24:24 INFO Wrote 8 rows to /workspaces/the_holy_fruit/cta_tracker/www/index.html
2025-07-29 03:24:30 INFO Requesting http://lapi.transitchicago.com/api/1.0/ttarrivals.aspx with {'key': 'aa6a8fecdc244da7804a01070e1e476a', 'mapid': '40710', 'outputType': 'JSON'}
2025-07-29 03:24:30 INFO Fetched 8 arrival entries
2025-07-29 03:24:30 INFO Wrote 8 rows to /workspaces/the_holy_fruit/cta_tracker/www/index.html
2025-07-29 03:24:35 INFO Requesting http://lapi.transitchicago.com/api/1.0/ttarrivals.aspx with {'key': 'aa6a8fecdc244da7804a01070e1e476a', 'mapid': '40710', 'outputType': 'JSON'}
2025-07-29 03:24:35 INFO Fetched 8 arrival entries
2025-07-29 03:24:35 INFO Wrote 8 rows to /workspaces/the_holy_fruit/cta_tracker/www/index.html
2025-07-29 03:24:40 INFO Requesting http://lapi.transitchicago.com/api/1.0/ttarrivals.aspx with {'key': 'aa6a8fecdc244da7804a01070e1e476a', 'mapid': '40710', 'outputType': 'JSON'}
2025-07-29 03:24:40 INFO Fetched 8 arrival entries
2025-07-29 03:24:40 INFO Wrote 8 rows to /workspaces/the_holy_fruit/cta_tracker/www/index.html
2025-07-29 03:24:45 INFO Requesting http://lapi.transitchicago.com/api/1.0/ttarrivals.aspx with {'key': 'aa6a8fecdc244da7804a01070e1e476a', 'mapid': '40710', 'outputType': 'JSON'}
2025-07-29 03:24:45 INFO Fetched 8 arrival entries
2025-07-29 03:24:45 INFO Wrote 8 rows to /workspaces/the_holy_fruit/cta_tracker/www/index.html
2025-07-29 03:24:51 INFO Requesting http://lapi.transitchicago.com/api/1.0/ttarrivals.aspx with {'key': 'aa6a8fecdc244da7804a01070e1e476a', 'mapid': '40710', 'outputType': 'JSON'}
2025-07-29 03:24:51 INFO Fetched 8 arrival entries
2025-07-29 03:24:51 INFO Wrote 8 rows to /workspaces/the_holy_fruit/cta_tracker/www/index.html
2025-07-29 03:24:56 INFO Requesting http://lapi.transitchicago.com/api/1.0/ttarrivals.aspx with {'key': 'aa6a8fecdc244da7804a01070e1e476a', 'mapid': '40710', 'outputType': 'JSON'}
2025-07-29 03:24:56 INFO Fetched 8 arrival entries
2025-07-29 03:24:56 INFO Wrote 8 rows to /workspaces/the_holy_fruit/cta_tracker/www/index.html
2025-07-29 03:25:01 INFO Requesting http://lapi.transitchicago.com/api/1.0/ttarrivals.aspx with {'key': 'aa6a8fecdc244da7804a01070e1e476a', 'mapid': '40710', 'outputType': 'JSON'}
2025-07-29 03:25:01 INFO Fetched 8 arrival entries
2025-07-29 03:25:01 INFO Wrote 8 rows to /workspaces/the_holy_fruit/cta_tracker/www/index.html
2025-07-29 03:25:05 INFO Requesting http://lapi.transitchicago.com/api/1.0/ttarrivals.aspx with {'key': 'aa6a8fecdc244da7804a01070e1e476a', 'mapid': '40710', 'outputType': 'JSON'}
2025-07-29 03:25:05 INFO Fetched 6 arrival entries
2025-07-29 03:25:05 INFO Wrote 6 rows to /workspaces/the_holy_fruit/cta_tracker/www/index.html
2025-07-29 03:25:06 INFO Requesting http://lapi.transitchicago.com/api/1.0/ttarrivals.aspx with {'key': 'aa6a8fecdc244da7804a01070e1e476a', 'mapid': '40710', 'outputType': 'JSON'}
2025-07-29 03:25:06 INFO Fetched 6 arrival entries
2025-07-29 03:25:06 INFO Wrote 6 rows to /workspaces/the_holy_fruit/cta_tracker/www/index.html
2025-07-29 03:25:12 INFO Requesting http://lapi.transitchicago.com/api/1.0/ttarrivals.aspx with {'key': 'aa6a8fecdc244da7804a01070e1e476a', 'mapid': '40710', 'outputType': 'JSON'}
2025-07-29 03:25:12 INFO Fetched 6 arrival entries
2025-07-29 03:25:12 INFO Wrote 6 rows to /workspaces/the_holy_fruit/cta_tracker/www/index.html
2025-07-29 03:25:17 INFO Requesting http://lapi.transitchicago.com/api/1.0/ttarrivals.aspx with {'key': 'aa6a8fecdc244da7804a01070e1e476a', 'mapid': '40710', 'outputType': 'JSON'}
2025-07-29 03:25:17 INFO Fetched 6 arrival entries
2025-07-29 03:25:17 INFO Wrote 6 rows to /workspaces/the_holy_fruit/cta_tracker/www/index.html
2025-07-29 03:25:22 INFO Requesting http://lapi.transitchicago.com/api/1.0/ttarrivals.aspx with {'key': 'aa6a8fecdc244da7804a01070e1e476a', 'mapid': '40710', 'outputType': 'JSON'}
2025-07-29 03:25:22 INFO Fetched 6 arrival entries
2025-07-29 03:25:22 INFO Wrote 6 rows to /workspaces/the_holy_fruit/cta_tracker/www/index.html
2025-07-29 03:25:27 INFO Requesting http://lapi.transitchicago.com/api/1.0/ttarrivals.aspx with {'key': 'aa6a8fecdc244da7804a01070e1e476a', 'mapid': '40710', 'outputType': 'JSON'}
2025-07-29 03:25:27 INFO Fetched 6 arrival entries
2025-07-29 03:25:27 INFO Wrote 6 rows to /workspaces/the_holy_fruit/cta_tracker/www/index.html
2025-07-29 03:25:33 INFO Requesting http://lapi.transitchicago.com/api/1.0/ttarrivals.aspx with {'key': 'aa6a8fecdc244da7804a01070e1e476a', 'mapid': '40710', 'outputType': 'JSON'}
2025-07-29 03:25:33 INFO Fetched 6 arrival entries
2025-07-29 03:25:33 INFO Wrote 6 rows to /workspaces/the_holy_fruit/cta_tracker/www/index.html
2025-07-29 03:25:38 INFO Requesting http://lapi.transitchicago.com/api/1.0/ttarrivals.aspx with {'key': 'aa6a8fecdc244da7804a01070e1e476a', 'mapid': '40710', 'outputType': 'JSON'}
2025-07-29 03:25:38 INFO Fetched 6 arrival entries
2025-07-29 03:25:38 INFO Wrote 6 rows to /workspaces/the_holy_fruit/cta_tracker/www/index.html
2025-07-29 03:25:43 INFO Requesting http://lapi.transitchicago.com/api/1.0/ttarrivals.aspx with {'key': 'aa6a8fecdc244da7804a01070e1e476a', 'mapid': '40710', 'outputType': 'JSON'}
2025-07-29 03:25:43 INFO Fetched 6 arrival entries
2025-07-29 03:25:43 INFO Wrote 6 rows to /workspaces/the_holy_fruit/cta_tracker/www/index.html
2025-07-29 03:25:49 INFO Requesting http://lapi.transitchicago.com/api/1.0/ttarrivals.aspx with {'key': 'aa6a8fecdc244da7804a01070e1e476a', 'mapid': '40710', 'outputType': 'JSON'}
2025-07-29 03:25:49 INFO Fetched 7 arrival entries
2025-07-29 03:25:49 INFO Wrote 7 rows to /workspaces/the_holy_fruit/cta_tracker/www/index.html
2025-07-29 03:29:32 INFO Requesting http://lapi.transitchicago.com/api/1.0/ttarrivals.aspx with {'key': 'aa6a8fecdc244da7804a01070e1e476a', 'mapid': '40710', 'outputType': 'JSON'}
2025-07-29 03:29:32 INFO Fetched 8 arrival entries
2025-07-29 03:29:32 INFO Wrote 8 rows to /workspaces/the_holy_fruit/cta_tracker/www/index.html
2025-07-29 03:29:37 INFO Requesting http://lapi.transitchicago.com/api/1.0/ttarrivals.aspx with {'key': 'aa6a8fecdc244da7804a01070e1e476a', 'mapid': '40710', 'outputType': 'JSON'}
2025-07-29 03:29:37 INFO Fetched 8 arrival entries
2025-07-29 03:29:37 INFO Wrote 8 rows to /workspaces/the_holy_fruit/cta_tracker/www/index.html
2025-07-29 03:29:42 INFO Requesting http://lapi.transitchicago.com/api/1.0/ttarrivals.aspx with {'key': 'aa6a8fecdc244da7804a01070e1e476a', 'mapid': '40710', 'outputType': 'JSON'}
2025-07-29 03:29:42 INFO Fetched 8 arrival entries
2025-07-29 03:29:42 INFO Wrote 8 rows to /workspaces/the_holy_fruit/cta_tracker/www/index.html
2025-07-29 03:29:47 INFO Requesting http://lapi.transitchicago.com/api/1.0/ttarrivals.aspx with {'key': 'aa6a8fecdc244da7804a01070e1e476a', 'mapid': '40710', 'outputType': 'JSON'}
2025-07-29 03:29:47 INFO Fetched 8 arrival entries
2025-07-29 03:29:47 INFO Wrote 8 rows to /workspaces/the_holy_fruit/cta_tracker/www/index.html
2025-07-29 03:29:53 INFO Requesting http://lapi.transitchicago.com/api/1.0/ttarrivals.aspx with {'key': 'aa6a8fecdc244da7804a01070e1e476a', 'mapid': '40710', 'outputType': 'JSON'}
2025-07-29 03:29:53 INFO Fetched 8 arrival entries
2025-07-29 03:29:53 INFO Wrote 8 rows to /workspaces/the_holy_fruit/cta_tracker/www/index.html
2025-07-29 03:29:58 INFO Requesting http://lapi.transitchicago.com/api/1.0/ttarrivals.aspx with {'key': 'aa6a8fecdc244da7804a01070e1e476a', 'mapid': '40710', 'outputType': 'JSON'}
2025-07-29 03:29:58 INFO Fetched 8 arrival entries
2025-07-29 03:29:58 INFO Wrote 8 rows to /workspaces/the_holy_fruit/cta_tracker/www/index.html
2025-07-29 03:30:03 INFO Requesting http://lapi.transitchicago.com/api/1.0/ttarrivals.aspx with {'key': 'aa6a8fecdc244da7804a01070e1e476a', 'mapid': '40710', 'outputType': 'JSON'}
2025-07-29 03:30:03 INFO Fetched 8 arrival entries
2025-07-29 03:30:03 INFO Wrote 8 rows to /workspaces/the_holy_fruit/cta_tracker/www/index.html
2025-07-29 03:30:06 INFO Requesting http://lapi.transitchicago.com/api/1.0/ttarrivals.aspx with {'key': 'aa6a8fecdc244da7804a01070e1e476a', 'mapid': '40710', 'outputType': 'JSON'}
2025-07-29 03:30:06 INFO Fetched 8 arrival entries
2025-07-29 03:30:06 INFO Wrote 8 rows to /workspaces/the_holy_fruit/cta_tracker/www/index.html
2025-07-29 03:30:08 INFO Requesting http://lapi.transitchicago.com/api/1.0/ttarrivals.aspx with {'key': 'aa6a8fecdc244da7804a01070e1e476a', 'mapid': '40710', 'outputType': 'JSON'}
2025-07-29 03:30:08 INFO Fetched 8 arrival entries
2025-07-29 03:30:08 INFO Wrote 8 rows to /workspaces/the_holy_fruit/cta_tracker/www/index.html
2025-07-29 03:30:14 INFO Requesting http://lapi.transitchicago.com/api/1.0/ttarrivals.aspx with {'key': 'aa6a8fecdc244da7804a01070e1e476a', 'mapid': '40710', 'outputType': 'JSON'}
2025-07-29 03:30:14 INFO Fetched 8 arrival entries
2025-07-29 03:30:14 INFO Wrote 8 rows to /workspaces/the_holy_fruit/cta_tracker/www/index.html
2025-07-29 03:30:24 INFO Requesting http://lapi.transitchicago.com/api/1.0/ttarrivals.aspx with {'key': 'aa6a8fecdc244da7804a01070e1e476a', 'mapid': '40710', 'outputType': 'JSON'}
2025-07-29 03:30:24 INFO Fetched 8 arrival entries
2025-07-29 03:30:24 INFO Wrote 8 rows to /workspaces/the_holy_fruit/cta_tracker/www/index.html
2025-07-29 03:30:29 INFO Requesting http://lapi.transitchicago.com/api/1.0/ttarrivals.aspx with {'key': 'aa6a8fecdc244da7804a01070e1e476a', 'mapid': '40710', 'outputType': 'JSON'}
2025-07-29 03:30:29 INFO Fetched 8 arrival entries
2025-07-29 03:30:29 INFO Wrote 8 rows to /workspaces/the_holy_fruit/cta_tracker/www/index.html
2025-07-29 03:30:35 INFO Requesting http://lapi.transitchicago.com/api/1.0/ttarrivals.aspx with {'key': 'aa6a8fecdc244da7804a01070e1e476a', 'mapid': '40710', 'outputType': 'JSON'}
2025-07-29 03:30:35 INFO Fetched 8 arrival entries
2025-07-29 03:30:35 INFO Wrote 8 rows to /workspaces/the_holy_fruit/cta_tracker/www/index.html
2025-07-29 03:30:40 INFO Requesting http://lapi.transitchicago.com/api/1.0/ttarrivals.aspx with {'key': 'aa6a8fecdc244da7804a01070e1e476a', 'mapid': '40710', 'outputType': 'JSON'}
2025-07-29 03:30:40 INFO Fetched 8 arrival entries
2025-07-29 03:30:40 INFO Wrote 8 rows to /workspaces/the_holy_fruit/cta_tracker/www/index.html
2025-07-29 03:30:45 INFO Requesting http://lapi.transitchicago.com/api/1.0/ttarrivals.aspx with {'key': 'aa6a8fecdc244da7804a01070e1e476a', 'mapid': '40710', 'outputType': 'JSON'}
2025-07-29 03:30:45 INFO Fetched 10 arrival entries
2025-07-29 03:30:45 INFO Wrote 10 rows to /workspaces/the_holy_fruit/cta_tracker/www/index.html
2025-07-29 03:30:50 INFO Requesting http://lapi.transitchicago.com/api/1.0/ttarrivals.aspx with {'key': 'aa6a8fecdc244da7804a01070e1e476a', 'mapid': '40710', 'outputType': 'JSON'}
2025-07-29 03:30:50 INFO Fetched 10 arrival entries
2025-07-29 03:30:50 INFO Wrote 10 rows to /workspaces/the_holy_fruit/cta_tracker/www/index.html
2025-07-29 03:30:56 INFO Requesting http://lapi.transitchicago.com/api/1.0/ttarrivals.aspx with {'key': 'aa6a8fecdc244da7804a01070e1e476a', 'mapid': '40710', 'outputType': 'JSON'}
2025-07-29 03:30:56 INFO Fetched 10 arrival entries
2025-07-29 03:30:56 INFO Wrote 10 rows to /workspaces/the_holy_fruit/cta_tracker/www/index.html
2025-07-29 03:31:01 INFO Requesting http://lapi.transitchicago.com/api/1.0/ttarrivals.aspx with {'key': 'aa6a8fecdc244da7804a01070e1e476a', 'mapid': '40710', 'outputType': 'JSON'}
2025-07-29 03:31:01 INFO Fetched 10 arrival entries
2025-07-29 03:31:01 INFO Wrote 10 rows to /workspaces/the_holy_fruit/cta_tracker/www/index.html
2025-07-29 03:31:06 INFO Requesting http://lapi.transitchicago.com/api/1.0/ttarrivals.aspx with {'key': 'aa6a8fecdc244da7804a01070e1e476a', 'mapid': '40710', 'outputType': 'JSON'}
2025-07-29 03:31:06 INFO Requesting http://lapi.transitchicago.com/api/1.0/ttarrivals.aspx with {'key': 'aa6a8fecdc244da7804a01070e1e476a', 'mapid': '40710', 'outputType': 'JSON'}
2025-07-29 03:31:12 INFO Requesting http://lapi.transitchicago.com/api/1.0/ttarrivals.aspx with {'key': 'aa6a8fecdc244da7804a01070e1e476a', 'mapid': '40710', 'outputType': 'JSON'}
2025-07-29 03:31:12 INFO Fetched 10 arrival entries
2025-07-29 03:31:12 INFO Wrote 10 rows to /workspaces/the_holy_fruit/cta_tracker/www/index.html
2025-07-29 03:31:17 INFO Requesting http://lapi.transitchicago.com/api/1.0/ttarrivals.aspx with {'key': 'aa6a8fecdc244da7804a01070e1e476a', 'mapid': '40710', 'outputType': 'JSON'}
2025-07-29 03:31:17 INFO Fetched 10 arrival entries
2025-07-29 03:31:17 INFO Wrote 10 rows to /workspaces/the_holy_fruit/cta_tracker/www/index.html
2025-07-29 03:31:22 INFO Requesting http://lapi.transitchicago.com/api/1.0/ttarrivals.aspx with {'key': 'aa6a8fecdc244da7804a01070e1e476a', 'mapid': '40710', 'outputType': 'JSON'}
2025-07-29 03:31:22 INFO Fetched 10 arrival entries
2025-07-29 03:31:22 INFO Wrote 10 rows to /workspaces/the_holy_fruit/cta_tracker/www/index.html
2025-07-29 03:31:27 INFO Requesting http://lapi.transitchicago.com/api/1.0/ttarrivals.aspx with {'key': 'aa6a8fecdc244da7804a01070e1e476a', 'mapid': '40710', 'outputType': 'JSON'}
2025-07-29 03:31:27 INFO Fetched 10 arrival entries
2025-07-29 03:31:27 INFO Wrote 10 rows to /workspaces/the_holy_fruit/cta_tracker/www/index.html
2025-07-29 03:31:33 INFO Requesting http://lapi.transitchicago.com/api/1.0/ttarrivals.aspx with {'key': 'aa6a8fecdc244da7804a01070e1e476a', 'mapid': '40710', 'outputType': 'JSON'}
2025-07-29 03:31:33 INFO Fetched 10 arrival entries
2025-07-29 03:31:33 INFO Wrote 10 rows to /workspaces/the_holy_fruit/cta_tracker/www/index.html
2025-07-29 03:31:38 INFO Requesting http://lapi.transitchicago.com/api/1.0/ttarrivals.aspx with {'key': 'aa6a8fecdc244da7804a01070e1e476a', 'mapid': '40710', 'outputType': 'JSON'}
2025-07-29 03:31:38 INFO Fetched 10 arrival entries
2025-07-29 03:31:38 INFO Wrote 10 rows to /workspaces/the_holy_fruit/cta_tracker/www/index.html
2025-07-29 03:31:43 INFO Requesting http://lapi.transitchicago.com/api/1.0/ttarrivals.aspx with {'key': 'aa6a8fecdc244da7804a01070e1e476a', 'mapid': '40710', 'outputType': 'JSON'}
2025-07-29 03:31:43 INFO Fetched 10 arrival entries
2025-07-29 03:31:43 INFO Wrote 10 rows to /workspaces/the_holy_fruit/cta_tracker/www/index.html
2025-07-29 03:31:48 INFO Requesting http://lapi.transitchicago.com/api/1.0/ttarrivals.aspx with {'key': 'aa6a8fecdc244da7804a01070e1e476a', 'mapid': '40710', 'outputType': 'JSON'}
2025-07-29 03:31:48 INFO Fetched 10 arrival entries
2025-07-29 03:31:48 INFO Wrote 10 rows to /workspaces/the_holy_fruit/cta_tracker/www/index.html
2025-07-29 03:31:53 INFO Requesting http://lapi.transitchicago.com/api/1.0/ttarrivals.aspx with {'key': 'aa6a8fecdc244da7804a01070e1e476a', 'mapid': '40710', 'outputType': 'JSON'}
2025-07-29 03:31:54 INFO Fetched 10 arrival entries
2025-07-29 03:31:54 INFO Wrote 10 rows to /workspaces/the_holy_fruit/cta_tracker/www/index.html
2025-07-29 03:31:59 INFO Requesting http://lapi.transitchicago.com/api/1.0/ttarrivals.aspx with {'key': 'aa6a8fecdc244da7804a01070e1e476a', 'mapid': '40710', 'outputType': 'JSON'}
2025-07-29 03:31:59 INFO Fetched 10 arrival entries
2025-07-29 03:31:59 INFO Wrote 10 rows to /workspaces/the_holy_fruit/cta_tracker/www/index.html
2025-07-29 03:32:04 INFO Requesting http://lapi.transitchicago.com/api/1.0/ttarrivals.aspx with {'key': 'aa6a8fecdc244da7804a01070e1e476a', 'mapid': '40710', 'outputType': 'JSON'}
2025-07-29 03:32:04 INFO Fetched 10 arrival entries
2025-07-29 03:32:04 INFO Wrote 10 rows to /workspaces/the_holy_fruit/cta_tracker/www/index.html
2025-07-29 03:32:07 INFO Requesting http://lapi.transitchicago.com/api/1.0/ttarrivals.aspx with {'key': 'aa6a8fecdc244da7804a01070e1e476a', 'mapid': '40710', 'outputType': 'JSON'}
2025-07-29 03:32:07 INFO Fetched 10 arrival entries
2025-07-29 03:32:07 INFO Wrote 10 rows to /workspaces/the_holy_fruit/cta_tracker/www/index.html
2025-07-29 03:32:09 INFO Requesting http://lapi.transitchicago.com/api/1.0/ttarrivals.aspx with {'key': 'aa6a8fecdc244da7804a01070e1e476a', 'mapid': '40710', 'outputType': 'JSON'}
2025-07-29 03:32:09 INFO Fetched 10 arrival entries
2025-07-29 03:32:09 INFO Wrote 10 rows to /workspaces/the_holy_fruit/cta_tracker/www/index.html
2025-07-29 03:32:15 INFO Requesting http://lapi.transitchicago.com/api/1.0/ttarrivals.aspx with {'key': 'aa6a8fecdc244da7804a01070e1e476a', 'mapid': '40710', 'outputType': 'JSON'}
2025-07-29 03:32:15 INFO Fetched 10 arrival entries
2025-07-29 03:32:15 INFO Wrote 10 rows to /workspaces/the_holy_fruit/cta_tracker/www/index.html
2025-07-29 03:32:20 INFO Requesting http://lapi.transitchicago.com/api/1.0/ttarrivals.aspx with {'key': 'aa6a8fecdc244da7804a01070e1e476a', 'mapid': '40710', 'outputType': 'JSON'}
2025-07-29 03:32:20 INFO Fetched 10 arrival entries
2025-07-29 03:32:20 INFO Wrote 10 rows to /workspaces/the_holy_fruit/cta_tracker/www/index.html
2025-07-29 03:32:25 INFO Requesting http://lapi.transitchicago.com/api/1.0/ttarrivals.aspx with {'key': 'aa6a8fecdc244da7804a01070e1e476a', 'mapid': '40710', 'outputType': 'JSON'}
2025-07-29 03:32:25 INFO Fetched 10 arrival entries
2025-07-29 03:32:25 INFO Wrote 10 rows to /workspaces/the_holy_fruit/cta_tracker/www/index.html
2025-07-29 03:32:30 INFO Requesting http://lapi.transitchicago.com/api/1.0/ttarrivals.aspx with {'key': 'aa6a8fecdc244da7804a01070e1e476a', 'mapid': '40710', 'outputType': 'JSON'}
2025-07-29 03:32:30 INFO Fetched 10 arrival entries
2025-07-29 03:32:30 INFO Wrote 10 rows to /workspaces/the_holy_fruit/cta_tracker/www/index.html
2025-07-29 03:32:36 INFO Requesting http://lapi.transitchicago.com/api/1.0/ttarrivals.aspx with {'key': 'aa6a8fecdc244da7804a01070e1e476a', 'mapid': '40710', 'outputType': 'JSON'}
2025-07-29 03:32:36 INFO Fetched 10 arrival entries
2025-07-29 03:32:36 INFO Wrote 10 rows to /workspaces/the_holy_fruit/cta_tracker/www/index.html
2025-07-29 03:32:41 INFO Requesting http://lapi.transitchicago.com/api/1.0/ttarrivals.aspx with {'key': 'aa6a8fecdc244da7804a01070e1e476a', 'mapid': '40710', 'outputType': 'JSON'}
2025-07-29 03:32:41 INFO Fetched 10 arrival entries
2025-07-29 03:32:41 INFO Wrote 10 rows to /workspaces/the_holy_fruit/cta_tracker/www/index.html
2025-07-29 03:32:46 INFO Requesting http://lapi.transitchicago.com/api/1.0/ttarrivals.aspx with {'key': 'aa6a8fecdc244da7804a01070e1e476a', 'mapid': '40710', 'outputType': 'JSON'}
2025-07-29 03:32:46 INFO Fetched 10 arrival entries
2025-07-29 03:32:46 INFO Wrote 10 rows to /workspaces/the_holy_fruit/cta_tracker/www/index.html
2025-07-29 03:32:51 INFO Requesting http://lapi.transitchicago.com/api/1.0/ttarrivals.aspx with {'key': 'aa6a8fecdc244da7804a01070e1e476a', 'mapid': '40710', 'outputType': 'JSON'}
2025-07-29 03:32:51 INFO Fetched 10 arrival entries
2025-07-29 03:32:51 INFO Wrote 10 rows to /workspaces/the_holy_fruit/cta_tracker/www/index.html
2025-07-29 03:32:57 INFO Requesting http://lapi.transitchicago.com/api/1.0/ttarrivals.aspx with {'key': 'aa6a8fecdc244da7804a01070e1e476a', 'mapid': '40710', 'outputType': 'JSON'}
2025-07-29 03:32:57 INFO Fetched 10 arrival entries
2025-07-29 03:32:57 INFO Wrote 10 rows to /workspaces/the_holy_fruit/cta_tracker/www/index.html
2025-07-29 03:33:02 INFO Requesting http://lapi.transitchicago.com/api/1.0/ttarrivals.aspx with {'key': 'aa6a8fecdc244da7804a01070e1e476a', 'mapid': '40710', 'outputType': 'JSON'}
2025-07-29 03:33:02 INFO Fetched 10 arrival entries
2025-07-29 03:33:02 INFO Wrote 10 rows to /workspaces/the_holy_fruit/cta_tracker/www/index.html
2025-07-29 03:33:07 INFO Requesting http://lapi.transitchicago.com/api/1.0/ttarrivals.aspx with {'key': 'aa6a8fecdc244da7804a01070e1e476a', 'mapid': '40710', 'outputType': 'JSON'}
2025-07-29 03:33:07 INFO Fetched 10 arrival entries
2025-07-29 03:33:07 INFO Wrote 10 rows to /workspaces/the_holy_fruit/cta_tracker/www/index.html
2025-07-29 03:33:07 INFO Requesting http://lapi.transitchicago.com/api/1.0/ttarrivals.aspx with {'key': 'aa6a8fecdc244da7804a01070e1e476a', 'mapid': '40710', 'outputType': 'JSON'}
2025-07-29 03:33:07 INFO Fetched 10 arrival entries
2025-07-29 03:33:07 INFO Wrote 10 rows to /workspaces/the_holy_fruit/cta_tracker/www/index.html
2025-07-29 03:33:12 INFO Requesting http://lapi.transitchicago.com/api/1.0/ttarrivals.aspx with {'key': 'aa6a8fecdc244da7804a01070e1e476a', 'mapid': '40710', 'outputType': 'JSON'}
2025-07-29 03:33:13 INFO Fetched 10 arrival entries
2025-07-29 03:33:13 INFO Wrote 10 rows to /workspaces/the_holy_fruit/cta_tracker/www/index.html
2025-07-29 03:33:18 INFO Requesting http://lapi.transitchicago.com/api/1.0/ttarrivals.aspx with {'key': 'aa6a8fecdc244da7804a01070e1e476a', 'mapid': '40710', 'outputType': 'JSON'}
2025-07-29 03:33:18 INFO Fetched 10 arrival entries
2025-07-29 03:33:18 INFO Wrote 10 rows to /workspaces/the_holy_fruit/cta_tracker/www/index.html
2025-07-29 03:33:23 INFO Requesting http://lapi.transitchicago.com/api/1.0/ttarrivals.aspx with {'key': 'aa6a8fecdc244da7804a01070e1e476a', 'mapid': '40710', 'outputType': 'JSON'}
2025-07-29 03:33:28 INFO Requesting http://lapi.transitchicago.com/api/1.0/ttarrivals.aspx with {'key': 'aa6a8fecdc244da7804a01070e1e476a', 'mapid': '40710', 'outputType': 'JSON'}
2025-07-29 03:33:28 INFO Fetched 10 arrival entries
2025-07-29 03:33:28 INFO Wrote 10 rows to /workspaces/the_holy_fruit/cta_tracker/www/index.html
2025-07-29 03:33:33 INFO Requesting http://lapi.transitchicago.com/api/1.0/ttarrivals.aspx with {'key': 'aa6a8fecdc244da7804a01070e1e476a', 'mapid': '40710', 'outputType': 'JSON'}
2025-07-29 03:33:34 INFO Fetched 10 arrival entries
2025-07-29 03:33:34 INFO Wrote 10 rows to /workspaces/the_holy_fruit/cta_tracker/www/index.html
2025-07-29 03:33:39 INFO Requesting http://lapi.transitchicago.com/api/1.0/ttarrivals.aspx with {'key': 'aa6a8fecdc244da7804a01070e1e476a', 'mapid': '40710', 'outputType': 'JSON'}
2025-07-29 03:33:39 INFO Fetched 10 arrival entries
2025-07-29 03:33:39 INFO Wrote 10 rows to /workspaces/the_holy_fruit/cta_tracker/www/index.html
2025-07-29 03:33:44 INFO Requesting http://lapi.transitchicago.com/api/1.0/ttarrivals.aspx with {'key': 'aa6a8fecdc244da7804a01070e1e476a', 'mapid': '40710', 'outputType': 'JSON'}
2025-07-29 03:33:44 INFO Fetched 10 arrival entries
2025-07-29 03:33:44 INFO Wrote 10 rows to /workspaces/the_holy_fruit/cta_tracker/www/index.html
2025-07-29 03:33:49 INFO Requesting http://lapi.transitchicago.com/api/1.0/ttarrivals.aspx with {'key': 'aa6a8fecdc244da7804a01070e1e476a', 'mapid': '40710', 'outputType': 'JSON'}
2025-07-29 03:33:49 INFO Fetched 10 arrival entries
2025-07-29 03:33:49 INFO Wrote 10 rows to /workspaces/the_holy_fruit/cta_tracker/www/index.html
2025-07-29 03:33:54 INFO Requesting http://lapi.transitchicago.com/api/1.0/ttarrivals.aspx with {'key': 'aa6a8fecdc244da7804a01070e1e476a', 'mapid': '40710', 'outputType': 'JSON'}
2025-07-29 03:33:55 INFO Fetched 10 arrival entries
2025-07-29 03:33:55 INFO Wrote 10 rows to /workspaces/the_holy_fruit/cta_tracker/www/index.html
2025-07-29 03:34:00 INFO Requesting http://lapi.transitchicago.com/api/1.0/ttarrivals.aspx with {'key': 'aa6a8fecdc244da7804a01070e1e476a', 'mapid': '40710', 'outputType': 'JSON'}
2025-07-29 03:34:00 INFO Fetched 10 arrival entries
2025-07-29 03:34:00 INFO Wrote 10 rows to /workspaces/the_holy_fruit/cta_tracker/www/index.html
2025-07-29 03:34:05 INFO Requesting http://lapi.transitchicago.com/api/1.0/ttarrivals.aspx with {'key': 'aa6a8fecdc244da7804a01070e1e476a', 'mapid': '40710', 'outputType': 'JSON'}
2025-07-29 03:34:05 INFO Fetched 10 arrival entries
2025-07-29 03:34:05 INFO Wrote 10 rows to /workspaces/the_holy_fruit/cta_tracker/www/index.html
2025-07-29 03:34:07 INFO Requesting http://lapi.transitchicago.com/api/1.0/ttarrivals.aspx with {'key': 'aa6a8fecdc244da7804a01070e1e476a', 'mapid': '40710', 'outputType': 'JSON'}
2025-07-29 03:34:07 INFO Fetched 10 arrival entries
2025-07-29 03:34:07 INFO Wrote 10 rows to /workspaces/the_holy_fruit/cta_tracker/www/index.html
2025-07-29 03:34:10 INFO Requesting http://lapi.transitchicago.com/api/1.0/ttarrivals.aspx with {'key': 'aa6a8fecdc244da7804a01070e1e476a', 'mapid': '40710', 'outputType': 'JSON'}
2025-07-29 03:34:10 INFO Fetched 10 arrival entries
2025-07-29 03:34:10 INFO Wrote 10 rows to /workspaces/the_holy_fruit/cta_tracker/www/index.html
2025-07-29 03:34:15 INFO Requesting http://lapi.transitchicago.com/api/1.0/ttarrivals.aspx with {'key': 'aa6a8fecdc244da7804a01070e1e476a', 'mapid': '40710', 'outputType': 'JSON'}
2025-07-29 03:34:15 INFO Fetched 10 arrival entries
2025-07-29 03:34:15 INFO Wrote 10 rows to /workspaces/the_holy_fruit/cta_tracker/www/index.html
2025-07-29 03:34:21 INFO Requesting http://lapi.transitchicago.com/api/1.0/ttarrivals.aspx with {'key': 'aa6a8fecdc244da7804a01070e1e476a', 'mapid': '40710', 'outputType': 'JSON'}
2025-07-29 03:34:21 INFO Fetched 10 arrival entries
2025-07-29 03:34:21 INFO Wrote 10 rows to /workspaces/the_holy_fruit/cta_tracker/www/index.html
2025-07-29 03:34:26 INFO Requesting http://lapi.transitchicago.com/api/1.0/ttarrivals.aspx with {'key': 'aa6a8fecdc244da7804a01070e1e476a', 'mapid': '40710', 'outputType': 'JSON'}
2025-07-29 03:34:26 INFO Fetched 10 arrival entries
2025-07-29 03:34:26 INFO Wrote 10 rows to /workspaces/the_holy_fruit/cta_tracker/www/index.html
2025-07-29 03:34:31 INFO Requesting http://lapi.transitchicago.com/api/1.0/ttarrivals.aspx with {'key': 'aa6a8fecdc244da7804a01070e1e476a', 'mapid': '40710', 'outputType': 'JSON'}
2025-07-29 03:34:31 INFO Fetched 10 arrival entries
2025-07-29 03:34:31 INFO Wrote 10 rows to /workspaces/the_holy_fruit/cta_tracker/www/index.html
2025-07-29 03:34:36 INFO Requesting http://lapi.transitchicago.com/api/1.0/ttarrivals.aspx with {'key': 'aa6a8fecdc244da7804a01070e1e476a', 'mapid': '40710', 'outputType': 'JSON'}
2025-07-29 03:34:36 INFO Fetched 10 arrival entries
2025-07-29 03:34:36 INFO Wrote 10 rows to /workspaces/the_holy_fruit/cta_tracker/www/index.html
2025-07-29 03:34:42 INFO Requesting http://lapi.transitchicago.com/api/1.0/ttarrivals.aspx with {'key': 'aa6a8fecdc244da7804a01070e1e476a', 'mapid': '40710', 'outputType': 'JSON'}
2025-07-29 03:34:42 INFO Fetched 10 arrival entries
2025-07-29 03:34:42 INFO Wrote 10 rows to /workspaces/the_holy_fruit/cta_tracker/www/index.html
2025-07-29 03:34:47 INFO Requesting http://lapi.transitchicago.com/api/1.0/ttarrivals.aspx with {'key': 'aa6a8fecdc244da7804a01070e1e476a', 'mapid': '40710', 'outputType': 'JSON'}
2025-07-29 03:34:47 INFO Fetched 10 arrival entries
2025-07-29 03:34:47 INFO Wrote 10 rows to /workspaces/the_holy_fruit/cta_tracker/www/index.html
2025-07-29 03:34:52 INFO Requesting http://lapi.transitchicago.com/api/1.0/ttarrivals.aspx with {'key': 'aa6a8fecdc244da7804a01070e1e476a', 'mapid': '40710', 'outputType': 'JSON'}
2025-07-29 03:34:52 INFO Fetched 10 arrival entries
2025-07-29 03:34:52 INFO Wrote 10 rows to /workspaces/the_holy_fruit/cta_tracker/www/index.html
2025-07-29 03:34:57 INFO Requesting http://lapi.transitchicago.com/api/1.0/ttarrivals.aspx with {'key': 'aa6a8fecdc244da7804a01070e1e476a', 'mapid': '40710', 'outputType': 'JSON'}
2025-07-29 03:34:58 INFO Fetched 10 arrival entries
2025-07-29 03:34:58 INFO Wrote 10 rows to /workspaces/the_holy_fruit/cta_tracker/www/index.html
2025-07-29 03:35:03 INFO Requesting http://lapi.transitchicago.com/api/1.0/ttarrivals.aspx with {'key': 'aa6a8fecdc244da7804a01070e1e476a', 'mapid': '40710', 'outputType': 'JSON'}
2025-07-29 03:35:03 INFO Fetched 10 arrival entries
2025-07-29 03:35:03 INFO Wrote 10 rows to /workspaces/the_holy_fruit/cta_tracker/www/index.html
2025-07-29 03:35:08 INFO Requesting http://lapi.transitchicago.com/api/1.0/ttarrivals.aspx with {'key': 'aa6a8fecdc244da7804a01070e1e476a', 'mapid': '40710', 'outputType': 'JSON'}
2025-07-29 03:35:08 INFO Fetched 10 arrival entries
2025-07-29 03:35:08 INFO Wrote 10 rows to /workspaces/the_holy_fruit/cta_tracker/www/index.html
2025-07-29 03:35:08 INFO Requesting http://lapi.transitchicago.com/api/1.0/ttarrivals.aspx with {'key': 'aa6a8fecdc244da7804a01070e1e476a', 'mapid': '40710', 'outputType': 'JSON'}
2025-07-29 03:35:08 INFO Fetched 10 arrival entries
2025-07-29 03:35:08 INFO Wrote 10 rows to /workspaces/the_holy_fruit/cta_tracker/www/index.html
2025-07-29 03:35:13 INFO Requesting http://lapi.transitchicago.com/api/1.0/ttarrivals.aspx with {'key': 'aa6a8fecdc244da7804a01070e1e476a', 'mapid': '40710', 'outputType': 'JSON'}
2025-07-29 03:35:13 INFO Fetched 10 arrival entries
2025-07-29 03:35:13 INFO Wrote 10 rows to /workspaces/the_holy_fruit/cta_tracker/www/index.html
2025-07-29 03:35:19 INFO Requesting http://lapi.transitchicago.com/api/1.0/ttarrivals.aspx with {'key': 'aa6a8fecdc244da7804a01070e1e476a', 'mapid': '40710', 'outputType': 'JSON'}
2025-07-29 03:35:19 INFO Fetched 10 arrival entries
2025-07-29 03:35:19 INFO Wrote 10 rows to /workspaces/the_holy_fruit/cta_tracker/www/index.html
2025-07-29 03:35:24 INFO Requesting http://lapi.transitchicago.com/api/1.0/ttarrivals.aspx with {'key': 'aa6a8fecdc244da7804a01070e1e476a', 'mapid': '40710', 'outputType': 'JSON'}
2025-07-29 03:35:24 INFO Fetched 10 arrival entries
2025-07-29 03:35:24 INFO Wrote 10 rows to /workspaces/the_holy_fruit/cta_tracker/www/index.html
2025-07-29 03:35:29 INFO Requesting http://lapi.transitchicago.com/api/1.0/ttarrivals.aspx with {'key': 'aa6a8fecdc244da7804a01070e1e476a', 'mapid': '40710', 'outputType': 'JSON'}
2025-07-29 03:35:29 INFO Fetched 10 arrival entries
2025-07-29 03:35:29 INFO Wrote 10 rows to /workspaces/the_holy_fruit/cta_tracker/www/index.html
2025-07-29 03:35:34 INFO Requesting http://lapi.transitchicago.com/api/1.0/ttarrivals.aspx with {'key': 'aa6a8fecdc244da7804a01070e1e476a', 'mapid': '40710', 'outputType': 'JSON'}
2025-07-29 03:35:34 INFO Fetched 10 arrival entries
2025-07-29 03:35:34 INFO Wrote 10 rows to /workspaces/the_holy_fruit/cta_tracker/www/index.html
2025-07-29 03:35:40 INFO Requesting http://lapi.transitchicago.com/api/1.0/ttarrivals.aspx with {'key': 'aa6a8fecdc244da7804a01070e1e476a', 'mapid': '40710', 'outputType': 'JSON'}
2025-07-29 03:35:40 INFO Fetched 10 arrival entries
2025-07-29 03:35:40 INFO Wrote 10 rows to /workspaces/the_holy_fruit/cta_tracker/www/index.html
2025-07-29 03:35:45 INFO Requesting http://lapi.transitchicago.com/api/1.0/ttarrivals.aspx with {'key': 'aa6a8fecdc244da7804a01070e1e476a', 'mapid': '40710', 'outputType': 'JSON'}
2025-07-29 03:35:45 INFO Fetched 10 arrival entries
2025-07-29 03:35:50 INFO Requesting http://lapi.transitchicago.com/api/1.0/ttarrivals.aspx with {'key': 'aa6a8fecdc244da7804a01070e1e476a', 'mapid': '40710', 'outputType': 'JSON'}
2025-07-29 03:35:50 INFO Fetched 10 arrival entries
2025-07-29 03:35:55 INFO Requesting http://lapi.transitchicago.com/api/1.0/ttarrivals.aspx with {'key': 'aa6a8fecdc244da7804a01070e1e476a', 'mapid': '40710', 'outputType': 'JSON'}
2025-07-29 03:35:55 INFO Fetched 10 arrival entries
2025-07-29 03:35:55 INFO Wrote 10 rows to /workspaces/the_holy_fruit/cta_tracker/www/index.html
2025-07-29 03:36:01 INFO Requesting http://lapi.transitchicago.com/api/1.0/ttarrivals.aspx with {'key': 'aa6a8fecdc244da7804a01070e1e476a', 'mapid': '40710', 'outputType': 'JSON'}
2025-07-29 03:36:01 INFO Fetched 10 arrival entries
2025-07-29 03:36:01 INFO Wrote 10 rows to /workspaces/the_holy_fruit/cta_tracker/www/index.html
2025-07-29 03:36:06 INFO Requesting http://lapi.transitchicago.com/api/1.0/ttarrivals.aspx with {'key': 'aa6a8fecdc244da7804a01070e1e476a', 'mapid': '40710', 'outputType': 'JSON'}
2025-07-29 03:36:06 INFO Fetched 10 arrival entries
2025-07-29 03:36:06 INFO Wrote 10 rows to /workspaces/the_holy_fruit/cta_tracker/www/index.html
2025-07-29 03:36:08 INFO Requesting http://lapi.transitchicago.com/api/1.0/ttarrivals.aspx with {'key': 'aa6a8fecdc244da7804a01070e1e476a', 'mapid': '40710', 'outputType': 'JSON'}
2025-07-29 03:36:08 INFO Fetched 10 arrival entries
2025-07-29 03:36:08 INFO Wrote 10 rows to /workspaces/the_holy_fruit/cta_tracker/www/index.html
2025-07-29 03:36:11 INFO Requesting http://lapi.transitchicago.com/api/1.0/ttarrivals.aspx with {'key': 'aa6a8fecdc244da7804a01070e1e476a', 'mapid': '40710', 'outputType': 'JSON'}
2025-07-29 03:36:11 INFO Fetched 10 arrival entries
2025-07-29 03:36:11 INFO Wrote 10 rows to /workspaces/the_holy_fruit/cta_tracker/www/index.html
2025-07-29 03:36:16 INFO Requesting http://lapi.transitchicago.com/api/1.0/ttarrivals.aspx with {'key': 'aa6a8fecdc244da7804a01070e1e476a', 'mapid': '40710', 'outputType': 'JSON'}
2025-07-29 03:36:16 INFO Fetched 10 arrival entries
2025-07-29 03:36:16 INFO Wrote 10 rows to /workspaces/the_holy_fruit/cta_tracker/www/index.html
2025-07-29 03:36:22 INFO Requesting http://lapi.transitchicago.com/api/1.0/ttarrivals.aspx with {'key': 'aa6a8fecdc244da7804a01070e1e476a', 'mapid': '40710', 'outputType': 'JSON'}
2025-07-29 03:36:22 INFO Fetched 10 arrival entries
2025-07-29 03:36:22 INFO Wrote 10 rows to /workspaces/the_holy_fruit/cta_tracker/www/index.html
2025-07-29 03:36:27 INFO Requesting http://lapi.transitchicago.com/api/1.0/ttarrivals.aspx with {'key': 'aa6a8fecdc244da7804a01070e1e476a', 'mapid': '40710', 'outputType': 'JSON'}
2025-07-29 03:36:27 INFO Fetched 10 arrival entries
2025-07-29 03:36:27 INFO Wrote 10 rows to /workspaces/the_holy_fruit/cta_tracker/www/index.html
2025-07-29 03:36:32 INFO Requesting http://lapi.transitchicago.com/api/1.0/ttarrivals.aspx with {'key': 'aa6a8fecdc244da7804a01070e1e476a', 'mapid': '40710', 'outputType': 'JSON'}
2025-07-29 03:36:32 INFO Fetched 10 arrival entries
2025-07-29 03:36:32 INFO Wrote 10 rows to /workspaces/the_holy_fruit/cta_tracker/www/index.html
2025-07-29 03:36:39 INFO Requesting http://lapi.transitchicago.com/api/1.0/ttarrivals.aspx with {'key': 'aa6a8fecdc244da7804a01070e1e476a', 'mapid': '40710', 'outputType': 'JSON'}
2025-07-29 03:36:39 INFO Fetched 10 arrival entries
2025-07-29 03:36:39 INFO Wrote 10 rows to /workspaces/the_holy_fruit/cta_tracker/www/index.html
2025-07-29 03:36:41 INFO Requesting http://lapi.transitchicago.com/api/1.0/ttarrivals.aspx with {'key': 'aa6a8fecdc244da7804a01070e1e476a', 'mapid': '40710', 'outputType': 'JSON'}
2025-07-29 03:36:42 INFO Fetched 10 arrival entries
2025-07-29 03:36:42 INFO Wrote 10 rows to /workspaces/the_holy_fruit/cta_tracker/www/index.html
2025-07-29 03:36:44 INFO Requesting http://lapi.transitchicago.com/api/1.0/ttarrivals.aspx with {'key': 'aa6a8fecdc244da7804a01070e1e476a', 'mapid': '40710', 'outputType': 'JSON'}
2025-07-29 03:36:44 INFO Fetched 10 arrival entries
2025-07-29 03:36:44 INFO Wrote 10 rows to /workspaces/the_holy_fruit/cta_tracker/www/index.html
2025-07-29 03:36:46 INFO Requesting http://lapi.transitchicago.com/api/1.0/ttarrivals.aspx with {'key': 'aa6a8fecdc244da7804a01070e1e476a', 'mapid': '40710', 'outputType': 'JSON'}
2025-07-29 03:36:46 INFO Fetched 10 arrival entries
2025-07-29 03:36:46 INFO Wrote 10 rows to /workspaces/the_holy_fruit/cta_tracker/www/index.html
2025-07-29 03:36:48 INFO Requesting http://lapi.transitchicago.com/api/1.0/ttarrivals.aspx with {'key': 'aa6a8fecdc244da7804a01070e1e476a', 'mapid': '40710', 'outputType': 'JSON'}
2025-07-29 03:36:48 INFO Fetched 10 arrival entries
2025-07-29 03:36:48 INFO Wrote 10 rows to /workspaces/the_holy_fruit/cta_tracker/www/index.html
2025-07-29 03:36:51 INFO Requesting http://lapi.transitchicago.com/api/1.0/ttarrivals.aspx with {'key': 'aa6a8fecdc244da7804a01070e1e476a', 'mapid': '40710', 'outputType': 'JSON'}
2025-07-29 03:36:51 INFO Fetched 10 arrival entries
2025-07-29 03:36:51 INFO Wrote 10 rows to /workspaces/the_holy_fruit/cta_tracker/www/index.html
2025-07-29 03:36:53 INFO Requesting http://lapi.transitchicago.com/api/1.0/ttarrivals.aspx with {'key': 'aa6a8fecdc244da7804a01070e1e476a', 'mapid': '40710', 'outputType': 'JSON'}
2025-07-29 03:36:53 INFO Fetched 10 arrival entries
2025-07-29 03:36:53 INFO Wrote 10 rows to /workspaces/the_holy_fruit/cta_tracker/www/index.html
2025-07-29 03:36:55 INFO Requesting http://lapi.transitchicago.com/api/1.0/ttarrivals.aspx with {'key': 'aa6a8fecdc244da7804a01070e1e476a', 'mapid': '40710', 'outputType': 'JSON'}
2025-07-29 03:36:55 INFO Fetched 10 arrival entries
2025-07-29 03:36:55 INFO Wrote 10 rows to /workspaces/the_holy_fruit/cta_tracker/www/index.html
2025-07-29 03:36:57 INFO Requesting http://lapi.transitchicago.com/api/1.0/ttarrivals.aspx with {'key': 'aa6a8fecdc244da7804a01070e1e476a', 'mapid': '40710', 'outputType': 'JSON'}
2025-07-29 03:36:57 INFO Fetched 10 arrival entries
2025-07-29 03:36:57 INFO Wrote 10 rows to /workspaces/the_holy_fruit/cta_tracker/www/index.html
2025-07-29 03:37:00 INFO Requesting http://lapi.transitchicago.com/api/1.0/ttarrivals.aspx with {'key': 'aa6a8fecdc244da7804a01070e1e476a', 'mapid': '40710', 'outputType': 'JSON'}
2025-07-29 03:37:00 INFO Fetched 10 arrival entries
2025-07-29 03:37:00 INFO Wrote 10 rows to /workspaces/the_holy_fruit/cta_tracker/www/index.html
2025-07-29 03:37:02 INFO Requesting http://lapi.transitchicago.com/api/1.0/ttarrivals.aspx with {'key': 'aa6a8fecdc244da7804a01070e1e476a', 'mapid': '40710', 'outputType': 'JSON'}
2025-07-29 03:37:02 INFO Fetched 10 arrival entries
2025-07-29 03:37:02 INFO Wrote 10 rows to /workspaces/the_holy_fruit/cta_tracker/www/index.html
2025-07-29 03:37:04 INFO Requesting http://lapi.transitchicago.com/api/1.0/ttarrivals.aspx with {'key': 'aa6a8fecdc244da7804a01070e1e476a', 'mapid': '40710', 'outputType': 'JSON'}
2025-07-29 03:37:04 INFO Fetched 10 arrival entries
2025-07-29 03:37:04 INFO Wrote 10 rows to /workspaces/the_holy_fruit/cta_tracker/www/index.html
2025-07-29 03:37:06 INFO Requesting http://lapi.transitchicago.com/api/1.0/ttarrivals.aspx with {'key': 'aa6a8fecdc244da7804a01070e1e476a', 'mapid': '40710', 'outputType': 'JSON'}
2025-07-29 03:37:06 INFO Fetched 10 arrival entries
2025-07-29 03:37:06 INFO Wrote 10 rows to /workspaces/the_holy_fruit/cta_tracker/www/index.html
2025-07-29 03:37:08 INFO Requesting http://lapi.transitchicago.com/api/1.0/ttarrivals.aspx with {'key': 'aa6a8fecdc244da7804a01070e1e476a', 'mapid': '40710', 'outputType': 'JSON'}
2025-07-29 03:37:08 INFO Fetched 10 arrival entries
2025-07-29 03:37:08 INFO Wrote 10 rows to /workspaces/the_holy_fruit/cta_tracker/www/index.html
2025-07-29 03:37:09 INFO Requesting http://lapi.transitchicago.com/api/1.0/ttarrivals.aspx with {'key': 'aa6a8fecdc244da7804a01070e1e476a', 'mapid': '40710', 'outputType': 'JSON'}
2025-07-29 03:37:09 INFO Fetched 10 arrival entries
2025-07-29 03:37:09 INFO Wrote 10 rows to /workspaces/the_holy_fruit/cta_tracker/www/index.html
2025-07-29 03:37:11 INFO Requesting http://lapi.transitchicago.com/api/1.0/ttarrivals.aspx with {'key': 'aa6a8fecdc244da7804a01070e1e476a', 'mapid': '40710', 'outputType': 'JSON'}
2025-07-29 03:37:11 INFO Fetched 10 arrival entries
2025-07-29 03:37:11 INFO Wrote 10 rows to /workspaces/the_holy_fruit/cta_tracker/www/index.html
2025-07-29 03:37:13 INFO Requesting http://lapi.transitchicago.com/api/1.0/ttarrivals.aspx with {'key': 'aa6a8fecdc244da7804a01070e1e476a', 'mapid': '40710', 'outputType': 'JSON'}
2025-07-29 03:37:13 INFO Fetched 10 arrival entries
2025-07-29 03:37:13 INFO Wrote 10 rows to /workspaces/the_holy_fruit/cta_tracker/www/index.html
2025-07-29 03:37:15 INFO Requesting http://lapi.transitchicago.com/api/1.0/ttarrivals.aspx with {'key': 'aa6a8fecdc244da7804a01070e1e476a', 'mapid': '40710', 'outputType': 'JSON'}
2025-07-29 03:37:15 INFO Fetched 10 arrival entries
2025-07-29 03:37:15 INFO Wrote 10 rows to /workspaces/the_holy_fruit/cta_tracker/www/index.html
2025-07-29 03:37:18 INFO Requesting http://lapi.transitchicago.com/api/1.0/ttarrivals.aspx with {'key': 'aa6a8fecdc244da7804a01070e1e476a', 'mapid': '40710', 'outputType': 'JSON'}
2025-07-29 03:37:18 INFO Fetched 10 arrival entries
2025-07-29 03:37:18 INFO Wrote 10 rows to /workspaces/the_holy_fruit/cta_tracker/www/index.html
2025-07-29 03:37:20 INFO Requesting http://lapi.transitchicago.com/api/1.0/ttarrivals.aspx with {'key': 'aa6a8fecdc244da7804a01070e1e476a', 'mapid': '40710', 'outputType': 'JSON'}
2025-07-29 03:37:20 INFO Fetched 10 arrival entries
2025-07-29 03:37:20 INFO Wrote 10 rows to /workspaces/the_holy_fruit/cta_tracker/www/index.html
2025-07-29 03:37:22 INFO Requesting http://lapi.transitchicago.com/api/1.0/ttarrivals.aspx with {'key': 'aa6a8fecdc244da7804a01070e1e476a', 'mapid': '40710', 'outputType': 'JSON'}
2025-07-29 03:37:22 INFO Fetched 10 arrival entries
2025-07-29 03:37:22 INFO Wrote 10 rows to /workspaces/the_holy_fruit/cta_tracker/www/index.html
2025-07-29 03:37:24 INFO Requesting http://lapi.transitchicago.com/api/1.0/ttarrivals.aspx with {'key': 'aa6a8fecdc244da7804a01070e1e476a', 'mapid': '40710', 'outputType': 'JSON'}
2025-07-29 03:37:24 INFO Fetched 10 arrival entries
2025-07-29 03:37:24 INFO Wrote 10 rows to /workspaces/the_holy_fruit/cta_tracker/www/index.html
2025-07-29 03:37:27 INFO Requesting http://lapi.transitchicago.com/api/1.0/ttarrivals.aspx with {'key': 'aa6a8fecdc244da7804a01070e1e476a', 'mapid': '40710', 'outputType': 'JSON'}
2025-07-29 03:37:27 INFO Fetched 10 arrival entries
2025-07-29 03:37:27 INFO Wrote 10 rows to /workspaces/the_holy_fruit/cta_tracker/www/index.html
2025-07-29 03:37:29 INFO Requesting http://lapi.transitchicago.com/api/1.0/ttarrivals.aspx with {'key': 'aa6a8fecdc244da7804a01070e1e476a', 'mapid': '40710', 'outputType': 'JSON'}
2025-07-29 03:37:29 INFO Fetched 10 arrival entries
2025-07-29 03:37:29 INFO Wrote 10 rows to /workspaces/the_holy_fruit/cta_tracker/www/index.html
2025-07-29 03:37:31 INFO Requesting http://lapi.transitchicago.com/api/1.0/ttarrivals.aspx with {'key': 'aa6a8fecdc244da7804a01070e1e476a', 'mapid': '40710', 'outputType': 'JSON'}
2025-07-29 03:37:31 INFO Fetched 10 arrival entries
2025-07-29 03:37:31 INFO Wrote 10 rows to /workspaces/the_holy_fruit/cta_tracker/www/index.html
2025-07-29 03:37:33 INFO Requesting http://lapi.transitchicago.com/api/1.0/ttarrivals.aspx with {'key': 'aa6a8fecdc244da7804a01070e1e476a', 'mapid': '40710', 'outputType': 'JSON'}
2025-07-29 03:37:33 INFO Fetched 10 arrival entries
2025-07-29 03:37:33 INFO Wrote 10 rows to /workspaces/the_holy_fruit/cta_tracker/www/index.html
2025-07-29 03:37:36 INFO Requesting http://lapi.transitchicago.com/api/1.0/ttarrivals.aspx with {'key': 'aa6a8fecdc244da7804a01070e1e476a', 'mapid': '40710', 'outputType': 'JSON'}
2025-07-29 03:37:36 INFO Fetched 10 arrival entries
2025-07-29 03:37:36 INFO Wrote 10 rows to /workspaces/the_holy_fruit/cta_tracker/www/index.html
2025-07-29 03:37:38 INFO Requesting http://lapi.transitchicago.com/api/1.0/ttarrivals.aspx with {'key': 'aa6a8fecdc244da7804a01070e1e476a', 'mapid': '40710', 'outputType': 'JSON'}
2025-07-29 03:37:38 INFO Fetched 10 arrival entries
2025-07-29 03:37:38 INFO Wrote 10 rows to /workspaces/the_holy_fruit/cta_tracker/www/index.html
2025-07-29 03:37:40 INFO Requesting http://lapi.transitchicago.com/api/1.0/ttarrivals.aspx with {'key': 'aa6a8fecdc244da7804a01070e1e476a', 'mapid': '40710', 'outputType': 'JSON'}
2025-07-29 03:37:40 INFO Fetched 10 arrival entries
2025-07-29 03:37:40 INFO Wrote 10 rows to /workspaces/the_holy_fruit/cta_tracker/www/index.html
2025-07-29 03:37:42 INFO Requesting http://lapi.transitchicago.com/api/1.0/ttarrivals.aspx with {'key': 'aa6a8fecdc244da7804a01070e1e476a', 'mapid': '40710', 'outputType': 'JSON'}
2025-07-29 03:37:42 INFO Fetched 10 arrival entries
2025-07-29 03:37:42 INFO Wrote 10 rows to /workspaces/the_holy_fruit/cta_tracker/www/index.html
2025-07-29 03:37:45 INFO Requesting http://lapi.transitchicago.com/api/1.0/ttarrivals.aspx with {'key': 'aa6a8fecdc244da7804a01070e1e476a', 'mapid': '40710', 'outputType': 'JSON'}
2025-07-29 03:37:45 INFO Fetched 10 arrival entries
2025-07-29 03:37:45 INFO Wrote 10 rows to /workspaces/the_holy_fruit/cta_tracker/www/index.html
2025-07-29 03:37:47 INFO Requesting http://lapi.transitchicago.com/api/1.0/ttarrivals.aspx with {'key': 'aa6a8fecdc244da7804a01070e1e476a', 'mapid': '40710', 'outputType': 'JSON'}
2025-07-29 03:37:47 INFO Fetched 10 arrival entries
2025-07-29 03:37:47 INFO Wrote 10 rows to /workspaces/the_holy_fruit/cta_tracker/www/index.html
2025-07-29 03:37:49 INFO Requesting http://lapi.transitchicago.com/api/1.0/ttarrivals.aspx with {'key': 'aa6a8fecdc244da7804a01070e1e476a', 'mapid': '40710', 'outputType': 'JSON'}
2025-07-29 03:37:49 INFO Fetched 10 arrival entries
2025-07-29 03:37:49 INFO Wrote 10 rows to /workspaces/the_holy_fruit/cta_tracker/www/index.html
2025-07-29 03:37:51 INFO Requesting http://lapi.transitchicago.com/api/1.0/ttarrivals.aspx with {'key': 'aa6a8fecdc244da7804a01070e1e476a', 'mapid': '40710', 'outputType': 'JSON'}
2025-07-29 03:37:51 INFO Fetched 10 arrival entries
2025-07-29 03:37:51 INFO Wrote 10 rows to /workspaces/the_holy_fruit/cta_tracker/www/index.html
2025-07-29 03:37:54 INFO Requesting http://lapi.transitchicago.com/api/1.0/ttarrivals.aspx with {'key': 'aa6a8fecdc244da7804a01070e1e476a', 'mapid': '40710', 'outputType': 'JSON'}
2025-07-29 03:37:54 INFO Fetched 10 arrival entries
2025-07-29 03:37:54 INFO Wrote 10 rows to /workspaces/the_holy_fruit/cta_tracker/www/index.html
2025-07-29 03:37:56 INFO Requesting http://lapi.transitchicago.com/api/1.0/ttarrivals.aspx with {'key': 'aa6a8fecdc244da7804a01070e1e476a', 'mapid': '40710', 'outputType': 'JSON'}
2025-07-29 03:37:56 INFO Fetched 10 arrival entries
2025-07-29 03:37:56 INFO Wrote 10 rows to /workspaces/the_holy_fruit/cta_tracker/www/index.html
2025-07-29 03:37:58 INFO Requesting http://lapi.transitchicago.com/api/1.0/ttarrivals.aspx with {'key': 'aa6a8fecdc244da7804a01070e1e476a', 'mapid': '40710', 'outputType': 'JSON'}
2025-07-29 03:37:58 INFO Fetched 10 arrival entries
2025-07-29 03:37:58 INFO Wrote 10 rows to /workspaces/the_holy_fruit/cta_tracker/www/index.html
2025-07-29 03:38:00 INFO Requesting http://lapi.transitchicago.com/api/1.0/ttarrivals.aspx with {'key': 'aa6a8fecdc244da7804a01070e1e476a', 'mapid': '40710', 'outputType': 'JSON'}
2025-07-29 03:38:00 INFO Fetched 10 arrival entries
2025-07-29 03:38:00 INFO Wrote 10 rows to /workspaces/the_holy_fruit/cta_tracker/www/index.html
2025-07-29 03:38:03 INFO Requesting http://lapi.transitchicago.com/api/1.0/ttarrivals.aspx with {'key': 'aa6a8fecdc244da7804a01070e1e476a', 'mapid': '40710', 'outputType': 'JSON'}
2025-07-29 03:38:03 INFO Fetched 10 arrival entries
2025-07-29 03:38:03 INFO Wrote 10 rows to /workspaces/the_holy_fruit/cta_tracker/www/index.html
2025-07-29 03:38:05 INFO Requesting http://lapi.transitchicago.com/api/1.0/ttarrivals.aspx with {'key': 'aa6a8fecdc244da7804a01070e1e476a', 'mapid': '40710', 'outputType': 'JSON'}
2025-07-29 03:38:05 INFO Fetched 10 arrival entries
2025-07-29 03:38:05 INFO Wrote 10 rows to /workspaces/the_holy_fruit/cta_tracker/www/index.html
2025-07-29 03:38:07 INFO Requesting http://lapi.transitchicago.com/api/1.0/ttarrivals.aspx with {'key': 'aa6a8fecdc244da7804a01070e1e476a', 'mapid': '40710', 'outputType': 'JSON'}
2025-07-29 03:38:07 INFO Fetched 10 arrival entries
2025-07-29 03:38:07 INFO Wrote 10 rows to /workspaces/the_holy_fruit/cta_tracker/www/index.html
2025-07-29 03:38:08 INFO Requesting http://lapi.transitchicago.com/api/1.0/ttarrivals.aspx with {'key': 'aa6a8fecdc244da7804a01070e1e476a', 'mapid': '40710', 'outputType': 'JSON'}
2025-07-29 03:38:08 INFO Fetched 10 arrival entries
2025-07-29 03:38:08 INFO Wrote 10 rows to /workspaces/the_holy_fruit/cta_tracker/www/index.html
2025-07-29 03:38:09 INFO Requesting http://lapi.transitchicago.com/api/1.0/ttarrivals.aspx with {'key': 'aa6a8fecdc244da7804a01070e1e476a', 'mapid': '40710', 'outputType': 'JSON'}
2025-07-29 03:38:09 INFO Fetched 10 arrival entries
2025-07-29 03:38:09 INFO Wrote 10 rows to /workspaces/the_holy_fruit/cta_tracker/www/index.html
2025-07-29 03:38:12 INFO Requesting http://lapi.transitchicago.com/api/1.0/ttarrivals.aspx with {'key': 'aa6a8fecdc244da7804a01070e1e476a', 'mapid': '40710', 'outputType': 'JSON'}
2025-07-29 03:38:12 INFO Fetched 10 arrival entries
2025-07-29 03:38:12 INFO Wrote 10 rows to /workspaces/the_holy_fruit/cta_tracker/www/index.html
2025-07-29 03:38:14 INFO Requesting http://lapi.transitchicago.com/api/1.0/ttarrivals.aspx with {'key': 'aa6a8fecdc244da7804a01070e1e476a', 'mapid': '40710', 'outputType': 'JSON'}
2025-07-29 03:38:14 INFO Fetched 10 arrival entries
2025-07-29 03:38:14 INFO Wrote 10 rows to /workspaces/the_holy_fruit/cta_tracker/www/index.html
2025-07-29 03:38:16 INFO Requesting http://lapi.transitchicago.com/api/1.0/ttarrivals.aspx with {'key': 'aa6a8fecdc244da7804a01070e1e476a', 'mapid': '40710', 'outputType': 'JSON'}
2025-07-29 03:38:16 INFO Fetched 10 arrival entries
2025-07-29 03:38:16 INFO Wrote 10 rows to /workspaces/the_holy_fruit/cta_tracker/www/index.html
2025-07-29 03:38:18 INFO Requesting http://lapi.transitchicago.com/api/1.0/ttarrivals.aspx with {'key': 'aa6a8fecdc244da7804a01070e1e476a', 'mapid': '40710', 'outputType': 'JSON'}
2025-07-29 03:38:18 INFO Fetched 10 arrival entries
2025-07-29 03:38:18 INFO Wrote 10 rows to /workspaces/the_holy_fruit/cta_tracker/www/index.html
2025-07-29 03:38:21 INFO Requesting http://lapi.transitchicago.com/api/1.0/ttarrivals.aspx with {'key': 'aa6a8fecdc244da7804a01070e1e476a', 'mapid': '40710', 'outputType': 'JSON'}
2025-07-29 03:38:21 INFO Fetched 10 arrival entries
2025-07-29 03:38:21 INFO Wrote 10 rows to /workspaces/the_holy_fruit/cta_tracker/www/index.html
2025-07-29 03:38:23 INFO Requesting http://lapi.transitchicago.com/api/1.0/ttarrivals.aspx with {'key': 'aa6a8fecdc244da7804a01070e1e476a', 'mapid': '40710', 'outputType': 'JSON'}
2025-07-29 03:38:23 INFO Fetched 10 arrival entries
2025-07-29 03:38:23 INFO Wrote 10 rows to /workspaces/the_holy_fruit/cta_tracker/www/index.html
2025-07-29 03:38:25 INFO Requesting http://lapi.transitchicago.com/api/1.0/ttarrivals.aspx with {'key': 'aa6a8fecdc244da7804a01070e1e476a', 'mapid': '40710', 'outputType': 'JSON'}
2025-07-29 03:38:25 INFO Fetched 10 arrival entries
2025-07-29 03:38:25 INFO Wrote 10 rows to /workspaces/the_holy_fruit/cta_tracker/www/index.html
2025-07-29 03:38:27 INFO Requesting http://lapi.transitchicago.com/api/1.0/ttarrivals.aspx with {'key': 'aa6a8fecdc244da7804a01070e1e476a', 'mapid': '40710', 'outputType': 'JSON'}
2025-07-29 03:38:27 INFO Fetched 10 arrival entries
2025-07-29 03:38:27 INFO Wrote 10 rows to /workspaces/the_holy_fruit/cta_tracker/www/index.html
2025-07-29 03:38:30 INFO Requesting http://lapi.transitchicago.com/api/1.0/ttarrivals.aspx with {'key': 'aa6a8fecdc244da7804a01070e1e476a', 'mapid': '40710', 'outputType': 'JSON'}
2025-07-29 03:38:30 INFO Fetched 10 arrival entries
2025-07-29 03:38:30 INFO Wrote 10 rows to /workspaces/the_holy_fruit/cta_tracker/www/index.html
2025-07-29 03:38:32 INFO Requesting http://lapi.transitchicago.com/api/1.0/ttarrivals.aspx with {'key': 'aa6a8fecdc244da7804a01070e1e476a', 'mapid': '40710', 'outputType': 'JSON'}
2025-07-29 03:38:32 INFO Fetched 10 arrival entries
2025-07-29 03:38:32 INFO Wrote 10 rows to /workspaces/the_holy_fruit/cta_tracker/www/index.html
2025-07-29 03:38:34 INFO Requesting http://lapi.transitchicago.com/api/1.0/ttarrivals.aspx with {'key': 'aa6a8fecdc244da7804a01070e1e476a', 'mapid': '40710', 'outputType': 'JSON'}
2025-07-29 03:38:34 INFO Fetched 10 arrival entries
2025-07-29 03:38:34 INFO Wrote 10 rows to /workspaces/the_holy_fruit/cta_tracker/www/index.html
2025-07-29 03:38:36 INFO Requesting http://lapi.transitchicago.com/api/1.0/ttarrivals.aspx with {'key': 'aa6a8fecdc244da7804a01070e1e476a', 'mapid': '40710', 'outputType': 'JSON'}
2025-07-29 03:38:36 INFO Fetched 10 arrival entries
2025-07-29 03:38:36 INFO Wrote 10 rows to /workspaces/the_holy_fruit/cta_tracker/www/index.html
2025-07-29 03:38:39 INFO Requesting http://lapi.transitchicago.com/api/1.0/ttarrivals.aspx with {'key': 'aa6a8fecdc244da7804a01070e1e476a', 'mapid': '40710', 'outputType': 'JSON'}
2025-07-29 03:38:39 INFO Fetched 10 arrival entries
2025-07-29 03:38:39 INFO Wrote 10 rows to /workspaces/the_holy_fruit/cta_tracker/www/index.html
2025-07-29 03:38:41 INFO Requesting http://lapi.transitchicago.com/api/1.0/ttarrivals.aspx with {'key': 'aa6a8fecdc244da7804a01070e1e476a', 'mapid': '40710', 'outputType': 'JSON'}
2025-07-29 03:38:41 INFO Fetched 10 arrival entries
2025-07-29 03:38:41 INFO Wrote 10 rows to /workspaces/the_holy_fruit/cta_tracker/www/index.html
2025-07-29 03:38:43 INFO Requesting http://lapi.transitchicago.com/api/1.0/ttarrivals.aspx with {'key': 'aa6a8fecdc244da7804a01070e1e476a', 'mapid': '40710', 'outputType': 'JSON'}
2025-07-29 03:38:43 INFO Fetched 10 arrival entries
2025-07-29 03:38:43 INFO Wrote 10 rows to /workspaces/the_holy_fruit/cta_tracker/www/index.html
2025-07-29 03:38:45 INFO Requesting http://lapi.transitchicago.com/api/1.0/ttarrivals.aspx with {'key': 'aa6a8fecdc244da7804a01070e1e476a', 'mapid': '40710', 'outputType': 'JSON'}
2025-07-29 03:38:45 INFO Fetched 9 arrival entries
2025-07-29 03:38:45 INFO Wrote 9 rows to /workspaces/the_holy_fruit/cta_tracker/www/index.html
2025-07-29 03:38:48 INFO Requesting http://lapi.transitchicago.com/api/1.0/ttarrivals.aspx with {'key': 'aa6a8fecdc244da7804a01070e1e476a', 'mapid': '40710', 'outputType': 'JSON'}
2025-07-29 03:38:48 INFO Fetched 9 arrival entries
2025-07-29 03:38:48 INFO Wrote 9 rows to /workspaces/the_holy_fruit/cta_tracker/www/index.html
2025-07-29 03:38:50 INFO Requesting http://lapi.transitchicago.com/api/1.0/ttarrivals.aspx with {'key': 'aa6a8fecdc244da7804a01070e1e476a', 'mapid': '40710', 'outputType': 'JSON'}
2025-07-29 03:38:50 INFO Fetched 9 arrival entries
2025-07-29 03:38:50 INFO Wrote 9 rows to /workspaces/the_holy_fruit/cta_tracker/www/index.html
2025-07-29 03:38:52 INFO Requesting http://lapi.transitchicago.com/api/1.0/ttarrivals.aspx with {'key': 'aa6a8fecdc244da7804a01070e1e476a', 'mapid': '40710', 'outputType': 'JSON'}
2025-07-29 03:38:52 INFO Fetched 9 arrival entries
2025-07-29 03:38:52 INFO Wrote 9 rows to /workspaces/the_holy_fruit/cta_tracker/www/index.html
2025-07-29 03:38:54 INFO Requesting http://lapi.transitchicago.com/api/1.0/ttarrivals.aspx with {'key': 'aa6a8fecdc244da7804a01070e1e476a', 'mapid': '40710', 'outputType': 'JSON'}
2025-07-29 03:38:54 INFO Fetched 9 arrival entries
2025-07-29 03:38:54 INFO Wrote 9 rows to /workspaces/the_holy_fruit/cta_tracker/www/index.html
2025-07-29 03:38:56 INFO Requesting http://lapi.transitchicago.com/api/1.0/ttarrivals.aspx with {'key': 'aa6a8fecdc244da7804a01070e1e476a', 'mapid': '40710', 'outputType': 'JSON'}
2025-07-29 03:38:57 INFO Fetched 9 arrival entries
2025-07-29 03:38:57 INFO Wrote 9 rows to /workspaces/the_holy_fruit/cta_tracker/www/index.html
2025-07-29 03:38:59 INFO Requesting http://lapi.transitchicago.com/api/1.0/ttarrivals.aspx with {'key': 'aa6a8fecdc244da7804a01070e1e476a', 'mapid': '40710', 'outputType': 'JSON'}
2025-07-29 03:38:59 INFO Fetched 9 arrival entries
2025-07-29 03:38:59 INFO Wrote 9 rows to /workspaces/the_holy_fruit/cta_tracker/www/index.html
2025-07-29 03:39:09 INFO Requesting http://lapi.transitchicago.com/api/1.0/ttarrivals.aspx with {'key': 'aa6a8fecdc244da7804a01070e1e476a', 'mapid': '40710', 'outputType': 'JSON'}
2025-07-29 03:39:09 INFO Fetched 9 arrival entries
2025-07-29 03:39:09 INFO Wrote 9 rows to /workspaces/the_holy_fruit/cta_tracker/www/index.html
